<?xml version="1.0" encoding="UTF-8"?>
<coverage generated="1366480735">
  <project timestamp="1366480735">
    <file name="C:\zend\Apache2\htdocs\webedition\webEdition/lib/Zend/Loader.php">
      <class name="Zend_Loader" namespace="global" fullPackage="Zend_Loader" category="Zend" package="Zend_Loader">
        <metrics methods="9" coveredmethods="0" conditionals="0" coveredconditionals="0" statements="106" coveredstatements="0" elements="115" coveredelements="0"/>
      </class>
      <line num="52" type="method" name="loadClass" crap="156" count="0"/>
      <line num="54" type="stmt" count="0"/>
      <line num="55" type="stmt" count="0"/>
      <line num="58" type="stmt" count="0"/>
      <line num="59" type="stmt" count="0"/>
      <line num="60" type="stmt" count="0"/>
      <line num="63" type="stmt" count="0"/>
      <line num="65" type="stmt" count="0"/>
      <line num="67" type="stmt" count="0"/>
      <line num="68" type="stmt" count="0"/>
      <line num="69" type="stmt" count="0"/>
      <line num="70" type="stmt" count="0"/>
      <line num="71" type="stmt" count="0"/>
      <line num="72" type="stmt" count="0"/>
      <line num="73" type="stmt" count="0"/>
      <line num="74" type="stmt" count="0"/>
      <line num="75" type="stmt" count="0"/>
      <line num="76" type="stmt" count="0"/>
      <line num="78" type="stmt" count="0"/>
      <line num="79" type="stmt" count="0"/>
      <line num="80" type="stmt" count="0"/>
      <line num="81" type="stmt" count="0"/>
      <line num="82" type="stmt" count="0"/>
      <line num="85" type="stmt" count="0"/>
      <line num="86" type="stmt" count="0"/>
      <line num="87" type="stmt" count="0"/>
      <line num="89" type="stmt" count="0"/>
      <line num="114" type="method" name="loadFile" crap="56" count="0"/>
      <line num="116" type="stmt" count="0"/>
      <line num="121" type="stmt" count="0"/>
      <line num="122" type="stmt" count="0"/>
      <line num="123" type="stmt" count="0"/>
      <line num="124" type="stmt" count="0"/>
      <line num="125" type="stmt" count="0"/>
      <line num="126" type="stmt" count="0"/>
      <line num="127" type="stmt" count="0"/>
      <line num="128" type="stmt" count="0"/>
      <line num="133" type="stmt" count="0"/>
      <line num="134" type="stmt" count="0"/>
      <line num="135" type="stmt" count="0"/>
      <line num="136" type="stmt" count="0"/>
      <line num="142" type="stmt" count="0"/>
      <line num="143" type="stmt" count="0"/>
      <line num="144" type="stmt" count="0"/>
      <line num="146" type="stmt" count="0"/>
      <line num="162" type="method" name="isReadable" crap="72" count="0"/>
      <line num="164" type="stmt" count="0"/>
      <line num="167" type="stmt" count="0"/>
      <line num="170" type="stmt" count="0"/>
      <line num="171" type="stmt" count="0"/>
      <line num="172" type="stmt" count="0"/>
      <line num="175" type="stmt" count="0"/>
      <line num="178" type="stmt" count="0"/>
      <line num="179" type="stmt" count="0"/>
      <line num="180" type="stmt" count="0"/>
      <line num="181" type="stmt" count="0"/>
      <line num="183" type="stmt" count="0"/>
      <line num="185" type="stmt" count="0"/>
      <line num="186" type="stmt" count="0"/>
      <line num="187" type="stmt" count="0"/>
      <line num="189" type="stmt" count="0"/>
      <line num="190" type="stmt" count="0"/>
      <line num="202" type="method" name="explodeIncludePath" crap="12" count="0"/>
      <line num="204" type="stmt" count="0"/>
      <line num="205" type="stmt" count="0"/>
      <line num="206" type="stmt" count="0"/>
      <line num="208" type="stmt" count="0"/>
      <line num="212" type="stmt" count="0"/>
      <line num="213" type="stmt" count="0"/>
      <line num="214" type="stmt" count="0"/>
      <line num="216" type="stmt" count="0"/>
      <line num="231" type="method" name="autoload" crap="6" count="0"/>
      <line num="233" type="stmt" count="0"/>
      <line num="235" type="stmt" count="0"/>
      <line num="236" type="stmt" count="0"/>
      <line num="237" type="stmt" count="0"/>
      <line num="238" type="stmt" count="0"/>
      <line num="252" type="method" name="registerAutoload" crap="20" count="0"/>
      <line num="254" type="stmt" count="0"/>
      <line num="255" type="stmt" count="0"/>
      <line num="256" type="stmt" count="0"/>
      <line num="257" type="stmt" count="0"/>
      <line num="259" type="stmt" count="0"/>
      <line num="260" type="stmt" count="0"/>
      <line num="261" type="stmt" count="0"/>
      <line num="262" type="stmt" count="0"/>
      <line num="263" type="stmt" count="0"/>
      <line num="264" type="stmt" count="0"/>
      <line num="267" type="stmt" count="0"/>
      <line num="269" type="stmt" count="0"/>
      <line num="270" type="stmt" count="0"/>
      <line num="271" type="stmt" count="0"/>
      <line num="272" type="stmt" count="0"/>
      <line num="274" type="stmt" count="0"/>
      <line num="275" type="stmt" count="0"/>
      <line num="284" type="method" name="_securityCheck" crap="6" count="0"/>
      <line num="289" type="stmt" count="0"/>
      <line num="290" type="stmt" count="0"/>
      <line num="291" type="stmt" count="0"/>
      <line num="293" type="stmt" count="0"/>
      <line num="309" type="method" name="_includeFile" crap="6" count="0"/>
      <line num="311" type="stmt" count="0"/>
      <line num="312" type="stmt" count="0"/>
      <line num="314" type="stmt" count="0"/>
      <line num="330" type="method" name="standardiseFile" crap="6" count="0"/>
      <line num="332" type="stmt" count="0"/>
      <line num="333" type="stmt" count="0"/>
      <line num="334" type="stmt" count="0"/>
      <line num="335" type="stmt" count="0"/>
      <line num="336" type="stmt" count="0"/>
      <line num="337" type="stmt" count="0"/>
      <line num="338" type="stmt" count="0"/>
      <line num="339" type="stmt" count="0"/>
      <line num="340" type="stmt" count="0"/>
      <line num="341" type="stmt" count="0"/>
      <metrics loc="343" ncloc="168" classes="1" methods="9" coveredmethods="0" conditionals="0" coveredconditionals="0" statements="106" coveredstatements="0" elements="115" coveredelements="0"/>
    </file>
    <file name="C:\zend\Apache2\htdocs\webedition\webEdition/lib/Zend/Loader/Autoloader.php">
      <class name="Zend_Loader_Autoloader" namespace="global" fullPackage="Zend_Loader.Autoloader" package="Zend_Loader" subpackage="Autoloader">
        <metrics methods="26" coveredmethods="0" conditionals="0" coveredconditionals="0" statements="202" coveredstatements="0" elements="228" coveredelements="0"/>
      </class>
      <line num="90" type="method" name="getInstance" crap="6" count="0"/>
      <line num="92" type="stmt" count="0"/>
      <line num="93" type="stmt" count="0"/>
      <line num="94" type="stmt" count="0"/>
      <line num="95" type="stmt" count="0"/>
      <line num="103" type="method" name="resetInstance" crap="2" count="0"/>
      <line num="105" type="stmt" count="0"/>
      <line num="106" type="stmt" count="0"/>
      <line num="114" type="method" name="autoload" crap="90" count="0"/>
      <line num="116" type="stmt" count="0"/>
      <line num="118" type="stmt" count="0"/>
      <line num="119" type="stmt" count="0"/>
      <line num="120" type="stmt" count="0"/>
      <line num="121" type="stmt" count="0"/>
      <line num="123" type="stmt" count="0"/>
      <line num="124" type="stmt" count="0"/>
      <line num="125" type="stmt" count="0"/>
      <line num="127" type="stmt" count="0"/>
      <line num="128" type="stmt" count="0"/>
      <line num="129" type="stmt" count="0"/>
      <line num="131" type="stmt" count="0"/>
      <line num="132" type="stmt" count="0"/>
      <line num="134" type="stmt" count="0"/>
      <line num="143" type="method" name="setDefaultAutoloader" crap="6" count="0"/>
      <line num="145" type="stmt" count="0"/>
      <line num="146" type="stmt" count="0"/>
      <line num="149" type="stmt" count="0"/>
      <line num="150" type="stmt" count="0"/>
      <line num="158" type="method" name="getDefaultAutoloader" crap="2" count="0"/>
      <line num="160" type="stmt" count="0"/>
      <line num="169" type="method" name="setAutoloaders" crap="2" count="0"/>
      <line num="171" type="stmt" count="0"/>
      <line num="172" type="stmt" count="0"/>
      <line num="180" type="method" name="getAutoloaders" crap="2" count="0"/>
      <line num="182" type="stmt" count="0"/>
      <line num="191" type="method" name="getNamespaceAutoloaders" crap="6" count="0"/>
      <line num="193" type="stmt" count="0"/>
      <line num="194" type="stmt" count="0"/>
      <line num="195" type="stmt" count="0"/>
      <line num="197" type="stmt" count="0"/>
      <line num="206" type="method" name="registerNamespace" crap="30" count="0"/>
      <line num="208" type="stmt" count="0"/>
      <line num="209" type="stmt" count="0"/>
      <line num="210" type="stmt" count="0"/>
      <line num="211" type="stmt" count="0"/>
      <line num="214" type="stmt" count="0"/>
      <line num="215" type="stmt" count="0"/>
      <line num="216" type="stmt" count="0"/>
      <line num="217" type="stmt" count="0"/>
      <line num="218" type="stmt" count="0"/>
      <line num="219" type="stmt" count="0"/>
      <line num="228" type="method" name="unregisterNamespace" crap="30" count="0"/>
      <line num="230" type="stmt" count="0"/>
      <line num="231" type="stmt" count="0"/>
      <line num="232" type="stmt" count="0"/>
      <line num="233" type="stmt" count="0"/>
      <line num="236" type="stmt" count="0"/>
      <line num="237" type="stmt" count="0"/>
      <line num="238" type="stmt" count="0"/>
      <line num="239" type="stmt" count="0"/>
      <line num="240" type="stmt" count="0"/>
      <line num="241" type="stmt" count="0"/>
      <line num="249" type="method" name="getRegisteredNamespaces" crap="2" count="0"/>
      <line num="251" type="stmt" count="0"/>
      <line num="254" type="method" name="setZfPath" crap="20" count="0"/>
      <line num="256" type="stmt" count="0"/>
      <line num="257" type="stmt" count="0"/>
      <line num="258" type="stmt" count="0"/>
      <line num="259" type="stmt" count="0"/>
      <line num="261" type="stmt" count="0"/>
      <line num="262" type="stmt" count="0"/>
      <line num="263" type="stmt" count="0"/>
      <line num="264" type="stmt" count="0"/>
      <line num="265" type="stmt" count="0"/>
      <line num="267" type="stmt" count="0"/>
      <line num="268" type="stmt" count="0"/>
      <line num="269" type="stmt" count="0"/>
      <line num="270" type="stmt" count="0"/>
      <line num="271" type="stmt" count="0"/>
      <line num="272" type="stmt" count="0"/>
      <line num="275" type="method" name="getZfPath" crap="2" count="0"/>
      <line num="277" type="stmt" count="0"/>
      <line num="286" type="method" name="suppressNotFoundWarnings" crap="6" count="0"/>
      <line num="288" type="stmt" count="0"/>
      <line num="289" type="stmt" count="0"/>
      <line num="291" type="stmt" count="0"/>
      <line num="292" type="stmt" count="0"/>
      <line num="301" type="method" name="setFallbackAutoloader" crap="2" count="0"/>
      <line num="303" type="stmt" count="0"/>
      <line num="304" type="stmt" count="0"/>
      <line num="312" type="method" name="isFallbackAutoloader" crap="2" count="0"/>
      <line num="314" type="stmt" count="0"/>
      <line num="327" type="method" name="getClassAutoloaders" crap="156" count="0"/>
      <line num="329" type="stmt" count="0"/>
      <line num="330" type="stmt" count="0"/>
      <line num="333" type="stmt" count="0"/>
      <line num="334" type="stmt" count="0"/>
      <line num="335" type="stmt" count="0"/>
      <line num="337" type="stmt" count="0"/>
      <line num="338" type="stmt" count="0"/>
      <line num="339" type="stmt" count="0"/>
      <line num="340" type="stmt" count="0"/>
      <line num="341" type="stmt" count="0"/>
      <line num="342" type="stmt" count="0"/>
      <line num="343" type="stmt" count="0"/>
      <line num="346" type="stmt" count="0"/>
      <line num="347" type="stmt" count="0"/>
      <line num="348" type="stmt" count="0"/>
      <line num="349" type="stmt" count="0"/>
      <line num="350" type="stmt" count="0"/>
      <line num="352" type="stmt" count="0"/>
      <line num="355" type="stmt" count="0"/>
      <line num="356" type="stmt" count="0"/>
      <line num="357" type="stmt" count="0"/>
      <line num="358" type="stmt" count="0"/>
      <line num="359" type="stmt" count="0"/>
      <line num="360" type="stmt" count="0"/>
      <line num="361" type="stmt" count="0"/>
      <line num="364" type="stmt" count="0"/>
      <line num="365" type="stmt" count="0"/>
      <line num="366" type="stmt" count="0"/>
      <line num="368" type="stmt" count="0"/>
      <line num="378" type="method" name="unshiftAutoloader" crap="6" count="0"/>
      <line num="380" type="stmt" count="0"/>
      <line num="381" type="stmt" count="0"/>
      <line num="382" type="stmt" count="0"/>
      <line num="384" type="stmt" count="0"/>
      <line num="385" type="stmt" count="0"/>
      <line num="386" type="stmt" count="0"/>
      <line num="387" type="stmt" count="0"/>
      <line num="388" type="stmt" count="0"/>
      <line num="389" type="stmt" count="0"/>
      <line num="391" type="stmt" count="0"/>
      <line num="401" type="method" name="pushAutoloader" crap="6" count="0"/>
      <line num="403" type="stmt" count="0"/>
      <line num="404" type="stmt" count="0"/>
      <line num="405" type="stmt" count="0"/>
      <line num="407" type="stmt" count="0"/>
      <line num="408" type="stmt" count="0"/>
      <line num="409" type="stmt" count="0"/>
      <line num="410" type="stmt" count="0"/>
      <line num="411" type="stmt" count="0"/>
      <line num="412" type="stmt" count="0"/>
      <line num="414" type="stmt" count="0"/>
      <line num="424" type="method" name="removeAutoloader" crap="56" count="0"/>
      <line num="426" type="stmt" count="0"/>
      <line num="427" type="stmt" count="0"/>
      <line num="428" type="stmt" count="0"/>
      <line num="429" type="stmt" count="0"/>
      <line num="430" type="stmt" count="0"/>
      <line num="431" type="stmt" count="0"/>
      <line num="433" type="stmt" count="0"/>
      <line num="434" type="stmt" count="0"/>
      <line num="435" type="stmt" count="0"/>
      <line num="436" type="stmt" count="0"/>
      <line num="437" type="stmt" count="0"/>
      <line num="438" type="stmt" count="0"/>
      <line num="439" type="stmt" count="0"/>
      <line num="440" type="stmt" count="0"/>
      <line num="441" type="stmt" count="0"/>
      <line num="442" type="stmt" count="0"/>
      <line num="443" type="stmt" count="0"/>
      <line num="444" type="stmt" count="0"/>
      <line num="445" type="stmt" count="0"/>
      <line num="446" type="stmt" count="0"/>
      <line num="447" type="stmt" count="0"/>
      <line num="450" type="stmt" count="0"/>
      <line num="460" type="method" name="__construct" crap="2" count="0"/>
      <line num="462" type="stmt" count="0"/>
      <line num="463" type="stmt" count="0"/>
      <line num="464" type="stmt" count="0"/>
      <line num="472" type="method" name="_autoload" crap="12" count="0"/>
      <line num="474" type="stmt" count="0"/>
      <line num="476" type="stmt" count="0"/>
      <line num="477" type="stmt" count="0"/>
      <line num="478" type="stmt" count="0"/>
      <line num="479" type="stmt" count="0"/>
      <line num="481" type="stmt" count="0"/>
      <line num="482" type="stmt" count="0"/>
      <line num="483" type="stmt" count="0"/>
      <line num="494" type="method" name="_setNamespaceAutoloaders" crap="2" count="0"/>
      <line num="496" type="stmt" count="0"/>
      <line num="497" type="stmt" count="0"/>
      <line num="498" type="stmt" count="0"/>
      <line num="508" type="method" name="_getVersionPath" crap="12" count="0"/>
      <line num="510" type="stmt" count="0"/>
      <line num="512" type="stmt" count="0"/>
      <line num="513" type="stmt" count="0"/>
      <line num="514" type="stmt" count="0"/>
      <line num="516" type="stmt" count="0"/>
      <line num="517" type="stmt" count="0"/>
      <line num="518" type="stmt" count="0"/>
      <line num="521" type="stmt" count="0"/>
      <line num="522" type="stmt" count="0"/>
      <line num="532" type="method" name="_getVersionType" crap="30" count="0"/>
      <line num="534" type="stmt" count="0"/>
      <line num="535" type="stmt" count="0"/>
      <line num="538" type="stmt" count="0"/>
      <line num="539" type="stmt" count="0"/>
      <line num="540" type="stmt" count="0"/>
      <line num="541" type="stmt" count="0"/>
      <line num="543" type="stmt" count="0"/>
      <line num="544" type="stmt" count="0"/>
      <line num="546" type="stmt" count="0"/>
      <line num="547" type="stmt" count="0"/>
      <line num="549" type="stmt" count="0"/>
      <line num="559" type="method" name="_getAvailableVersions" crap="56" count="0"/>
      <line num="561" type="stmt" count="0"/>
      <line num="562" type="stmt" count="0"/>
      <line num="565" type="stmt" count="0"/>
      <line num="566" type="stmt" count="0"/>
      <line num="567" type="stmt" count="0"/>
      <line num="568" type="stmt" count="0"/>
      <line num="569" type="stmt" count="0"/>
      <line num="570" type="stmt" count="0"/>
      <line num="571" type="stmt" count="0"/>
      <line num="572" type="stmt" count="0"/>
      <line num="573" type="stmt" count="0"/>
      <line num="576" type="stmt" count="0"/>
      <line num="578" type="stmt" count="0"/>
      <line num="579" type="stmt" count="0"/>
      <line num="580" type="stmt" count="0"/>
      <line num="581" type="stmt" count="0"/>
      <line num="582" type="stmt" count="0"/>
      <line num="583" type="stmt" count="0"/>
      <line num="584" type="stmt" count="0"/>
      <line num="586" type="stmt" count="0"/>
      <line num="587" type="stmt" count="0"/>
      <metrics loc="589" ncloc="374" classes="1" methods="26" coveredmethods="0" conditionals="0" coveredconditionals="0" statements="202" coveredstatements="0" elements="228" coveredelements="0"/>
    </file>
    <file name="C:\zend\Apache2\htdocs\webedition\webEdition/we/include/we_classes/we_autoloader.class.php">
      <class name="we_autoloader" namespace="global" fullPackage="we">
        <metrics methods="2" coveredmethods="1" conditionals="0" coveredconditionals="0" statements="16" coveredstatements="5" elements="18" coveredelements="6"/>
      </class>
      <line num="444" type="method" name="autoload" crap="15.56" count="1"/>
      <line num="447" type="stmt" count="1"/>
      <line num="448" type="stmt" count="0"/>
      <line num="449" type="stmt" count="0"/>
      <line num="451" type="stmt" count="0"/>
      <line num="452" type="stmt" count="0"/>
      <line num="453" type="stmt" count="0"/>
      <line num="454" type="stmt" count="0"/>
      <line num="458" type="stmt" count="0"/>
      <line num="460" type="stmt" count="1"/>
      <line num="461" type="stmt" count="1"/>
      <line num="462" type="stmt" count="0"/>
      <line num="463" type="stmt" count="0"/>
      <line num="465" type="stmt" count="1"/>
      <line num="467" type="stmt" count="1"/>
      <line num="473" type="method" name="finalLoad" crap="2" count="0"/>
      <line num="474" type="stmt" count="0"/>
      <line num="475" type="stmt" count="0"/>
      <metrics loc="480" ncloc="424" classes="1" methods="2" coveredmethods="0" conditionals="0" coveredconditionals="0" statements="16" coveredstatements="5" elements="18" coveredelements="5"/>
    </file>
    <file name="C:\zend\Apache2\htdocs\webedition\webEdition/we/include/we_db_tools.inc.php">
      <line num="30" type="stmt" count="0"/>
      <line num="31" type="stmt" count="0"/>
      <line num="32" type="stmt" count="0"/>
      <line num="33" type="stmt" count="0"/>
      <line num="35" type="stmt" count="0"/>
      <line num="36" type="stmt" count="0"/>
      <line num="37" type="stmt" count="0"/>
      <line num="38" type="stmt" count="0"/>
      <line num="40" type="stmt" count="0"/>
      <line num="41" type="stmt" count="0"/>
      <line num="42" type="stmt" count="0"/>
      <line num="43" type="stmt" count="0"/>
      <line num="47" type="stmt" count="0"/>
      <line num="48" type="stmt" count="0"/>
      <line num="52" type="stmt" count="0"/>
      <line num="53" type="stmt" count="0"/>
      <line num="55" type="stmt" count="0"/>
      <line num="56" type="stmt" count="0"/>
      <line num="57" type="stmt" count="0"/>
      <line num="58" type="stmt" count="0"/>
      <line num="59" type="stmt" count="0"/>
      <line num="60" type="stmt" count="0"/>
      <line num="61" type="stmt" count="0"/>
      <line num="62" type="stmt" count="0"/>
      <line num="63" type="stmt" count="0"/>
      <line num="67" type="stmt" count="1"/>
      <line num="68" type="stmt" count="0"/>
      <line num="71" type="stmt" count="1"/>
      <line num="72" type="stmt" count="1"/>
      <line num="74" type="stmt" count="0"/>
      <line num="78" type="stmt" count="0"/>
      <line num="79" type="stmt" count="0"/>
      <line num="80" type="stmt" count="0"/>
      <line num="81" type="stmt" count="0"/>
      <line num="82" type="stmt" count="0"/>
      <line num="83" type="stmt" count="0"/>
      <line num="85" type="stmt" count="0"/>
      <metrics loc="86" ncloc="61" classes="0" methods="0" coveredmethods="0" conditionals="0" coveredconditionals="0" statements="37" coveredstatements="3" elements="37" coveredelements="3"/>
    </file>
    <file name="C:\zend\Apache2\htdocs\webedition\webEdition/we/include/we_defines.inc.php">
      <line num="26" type="stmt" count="0"/>
      <line num="27" type="stmt" count="0"/>
      <line num="28" type="stmt" count="0"/>
      <line num="29" type="stmt" count="0"/>
      <line num="30" type="stmt" count="0"/>
      <line num="32" type="stmt" count="0"/>
      <line num="33" type="stmt" count="0"/>
      <metrics loc="229" ncloc="186" classes="0" methods="0" coveredmethods="0" conditionals="0" coveredconditionals="0" statements="7" coveredstatements="0" elements="7" coveredelements="0"/>
    </file>
    <file name="C:\zend\Apache2\htdocs\webedition\webEdition/we/include/we_error_handler.inc.php">
      <line num="57" type="stmt" count="0"/>
      <line num="58" type="stmt" count="0"/>
      <line num="59" type="stmt" count="0"/>
      <line num="60" type="stmt" count="0"/>
      <line num="61" type="stmt" count="0"/>
      <line num="62" type="stmt" count="0"/>
      <line num="63" type="stmt" count="0"/>
      <line num="64" type="stmt" count="0"/>
      <line num="65" type="stmt" count="0"/>
      <line num="66" type="stmt" count="0"/>
      <line num="68" type="stmt" count="0"/>
      <line num="78" type="stmt" count="0"/>
      <line num="79" type="stmt" count="0"/>
      <line num="80" type="stmt" count="0"/>
      <line num="81" type="stmt" count="0"/>
      <line num="82" type="stmt" count="0"/>
      <line num="83" type="stmt" count="0"/>
      <line num="84" type="stmt" count="0"/>
      <line num="85" type="stmt" count="0"/>
      <line num="86" type="stmt" count="0"/>
      <line num="93" type="stmt" count="0"/>
      <line num="94" type="stmt" count="0"/>
      <line num="95" type="stmt" count="0"/>
      <line num="98" type="stmt" count="0"/>
      <line num="100" type="stmt" count="0"/>
      <line num="101" type="stmt" count="0"/>
      <line num="102" type="stmt" count="0"/>
      <line num="103" type="stmt" count="0"/>
      <line num="104" type="stmt" count="0"/>
      <line num="106" type="stmt" count="0"/>
      <line num="107" type="stmt" count="0"/>
      <line num="108" type="stmt" count="0"/>
      <line num="109" type="stmt" count="0"/>
      <line num="111" type="stmt" count="0"/>
      <line num="112" type="stmt" count="0"/>
      <line num="113" type="stmt" count="0"/>
      <line num="114" type="stmt" count="0"/>
      <line num="115" type="stmt" count="0"/>
      <line num="116" type="stmt" count="0"/>
      <line num="117" type="stmt" count="0"/>
      <line num="119" type="stmt" count="0"/>
      <line num="124" type="stmt" count="1"/>
      <line num="125" type="stmt" count="0"/>
      <line num="126" type="stmt" count="1"/>
      <line num="127" type="stmt" count="0"/>
      <line num="128" type="stmt" count="1"/>
      <line num="129" type="stmt" count="0"/>
      <line num="130" type="stmt" count="1"/>
      <line num="131" type="stmt" count="1"/>
      <line num="132" type="stmt" count="0"/>
      <line num="133" type="stmt" count="0"/>
      <line num="134" type="stmt" count="0"/>
      <line num="135" type="stmt" count="0"/>
      <line num="136" type="stmt" count="0"/>
      <line num="137" type="stmt" count="0"/>
      <line num="138" type="stmt" count="0"/>
      <line num="139" type="stmt" count="0"/>
      <line num="140" type="stmt" count="0"/>
      <line num="141" type="stmt" count="0"/>
      <line num="142" type="stmt" count="0"/>
      <line num="143" type="stmt" count="0"/>
      <line num="144" type="stmt" count="0"/>
      <line num="145" type="stmt" count="0"/>
      <line num="146" type="stmt" count="0"/>
      <line num="147" type="stmt" count="0"/>
      <line num="148" type="stmt" count="0"/>
      <line num="149" type="stmt" count="0"/>
      <line num="150" type="stmt" count="0"/>
      <line num="151" type="stmt" count="0"/>
      <line num="152" type="stmt" count="0"/>
      <line num="153" type="stmt" count="0"/>
      <line num="154" type="stmt" count="0"/>
      <line num="155" type="stmt" count="0"/>
      <line num="156" type="stmt" count="0"/>
      <line num="160" type="stmt" count="1"/>
      <line num="162" type="stmt" count="1"/>
      <line num="163" type="stmt" count="1"/>
      <line num="164" type="stmt" count="1"/>
      <line num="166" type="stmt" count="1"/>
      <line num="167" type="stmt" count="1"/>
      <line num="168" type="stmt" count="0"/>
      <line num="169" type="stmt" count="0"/>
      <line num="171" type="stmt" count="1"/>
      <line num="172" type="stmt" count="1"/>
      <line num="173" type="stmt" count="1"/>
      <line num="174" type="stmt" count="0"/>
      <line num="175" type="stmt" count="1"/>
      <line num="177" type="stmt" count="1"/>
      <line num="179" type="stmt" count="1"/>
      <line num="180" type="stmt" count="0"/>
      <line num="182" type="stmt" count="1"/>
      <line num="183" type="stmt" count="1"/>
      <line num="184" type="stmt" count="1"/>
      <line num="185" type="stmt" count="1"/>
      <line num="186" type="stmt" count="1"/>
      <line num="187" type="stmt" count="1"/>
      <line num="188" type="stmt" count="1"/>
      <line num="199" type="stmt" count="0"/>
      <line num="200" type="stmt" count="0"/>
      <line num="201" type="stmt" count="0"/>
      <line num="202" type="stmt" count="0"/>
      <line num="203" type="stmt" count="0"/>
      <line num="204" type="stmt" count="0"/>
      <line num="213" type="stmt" count="0"/>
      <line num="217" type="stmt" count="0"/>
      <line num="221" type="stmt" count="0"/>
      <line num="225" type="stmt" count="0"/>
      <line num="229" type="stmt" count="0"/>
      <line num="231" type="stmt" count="0"/>
      <line num="232" type="stmt" count="0"/>
      <line num="250" type="stmt" count="0"/>
      <line num="251" type="stmt" count="0"/>
      <line num="252" type="stmt" count="0"/>
      <line num="253" type="stmt" count="0"/>
      <line num="254" type="stmt" count="0"/>
      <line num="255" type="stmt" count="0"/>
      <line num="256" type="stmt" count="0"/>
      <line num="258" type="stmt" count="0"/>
      <line num="260" type="stmt" count="0"/>
      <line num="261" type="stmt" count="0"/>
      <line num="262" type="stmt" count="0"/>
      <line num="263" type="stmt" count="0"/>
      <line num="264" type="stmt" count="0"/>
      <line num="265" type="stmt" count="0"/>
      <line num="266" type="stmt" count="0"/>
      <line num="268" type="stmt" count="0"/>
      <line num="269" type="stmt" count="0"/>
      <line num="270" type="stmt" count="0"/>
      <line num="271" type="stmt" count="0"/>
      <line num="273" type="stmt" count="0"/>
      <line num="274" type="stmt" count="0"/>
      <line num="275" type="stmt" count="0"/>
      <line num="276" type="stmt" count="0"/>
      <line num="277" type="stmt" count="0"/>
      <line num="279" type="stmt" count="0"/>
      <line num="280" type="stmt" count="0"/>
      <line num="281" type="stmt" count="0"/>
      <line num="282" type="stmt" count="0"/>
      <line num="283" type="stmt" count="0"/>
      <line num="284" type="stmt" count="0"/>
      <line num="285" type="stmt" count="0"/>
      <line num="286" type="stmt" count="0"/>
      <line num="287" type="stmt" count="0"/>
      <line num="289" type="stmt" count="0"/>
      <line num="290" type="stmt" count="0"/>
      <line num="291" type="stmt" count="0"/>
      <line num="292" type="stmt" count="0"/>
      <line num="293" type="stmt" count="0"/>
      <line num="294" type="stmt" count="0"/>
      <line num="295" type="stmt" count="0"/>
      <line num="297" type="stmt" count="0"/>
      <line num="298" type="stmt" count="0"/>
      <line num="299" type="stmt" count="0"/>
      <line num="300" type="stmt" count="0"/>
      <line num="304" type="stmt" count="1"/>
      <line num="305" type="stmt" count="1"/>
      <line num="306" type="stmt" count="1"/>
      <line num="307" type="stmt" count="1"/>
      <line num="308" type="stmt" count="1"/>
      <line num="309" type="stmt" count="0"/>
      <line num="310" type="stmt" count="0"/>
      <line num="313" type="stmt" count="1"/>
      <line num="316" type="stmt" count="1"/>
      <line num="319" type="stmt" count="1"/>
      <line num="322" type="stmt" count="1"/>
      <line num="323" type="stmt" count="1"/>
      <line num="324" type="stmt" count="1"/>
      <line num="325" type="stmt" count="1"/>
      <line num="326" type="stmt" count="1"/>
      <line num="327" type="stmt" count="1"/>
      <line num="328" type="stmt" count="1"/>
      <line num="329" type="stmt" count="1"/>
      <line num="330" type="stmt" count="1"/>
      <line num="331" type="stmt" count="1"/>
      <line num="332" type="stmt" count="0"/>
      <line num="333" type="stmt" count="0"/>
      <line num="334" type="stmt" count="0"/>
      <line num="336" type="stmt" count="0"/>
      <line num="337" type="stmt" count="0"/>
      <line num="338" type="stmt" count="0"/>
      <line num="339" type="stmt" count="0"/>
      <line num="340" type="stmt" count="0"/>
      <line num="342" type="stmt" count="0"/>
      <line num="343" type="stmt" count="1"/>
      <line num="344" type="stmt" count="1"/>
      <line num="345" type="stmt" count="1"/>
      <line num="346" type="stmt" count="1"/>
      <line num="347" type="stmt" count="1"/>
      <line num="349" type="stmt" count="1"/>
      <line num="350" type="stmt" count="0"/>
      <line num="351" type="stmt" count="0"/>
      <line num="352" type="stmt" count="0"/>
      <line num="353" type="stmt" count="0"/>
      <line num="355" type="stmt" count="1"/>
      <line num="357" type="stmt" count="1"/>
      <line num="358" type="stmt" count="0"/>
      <line num="361" type="stmt" count="1"/>
      <line num="364" type="stmt" count="1"/>
      <line num="365" type="stmt" count="1"/>
      <line num="366" type="stmt" count="1"/>
      <line num="367" type="stmt" count="1"/>
      <line num="368" type="stmt" count="0"/>
      <line num="369" type="stmt" count="0"/>
      <line num="371" type="stmt" count="1"/>
      <line num="376" type="stmt" count="1"/>
      <line num="378" type="stmt" count="1"/>
      <line num="380" type="stmt" count="1"/>
      <line num="382" type="stmt" count="1"/>
      <line num="384" type="stmt" count="1"/>
      <line num="385" type="stmt" count="1"/>
      <line num="386" type="stmt" count="1"/>
      <line num="389" type="stmt" count="1"/>
      <line num="390" type="stmt" count="1"/>
      <line num="391" type="stmt" count="1"/>
      <line num="392" type="stmt" count="0"/>
      <line num="393" type="stmt" count="0"/>
      <line num="394" type="stmt" count="1"/>
      <line num="395" type="stmt" count="1"/>
      <line num="396" type="stmt" count="0"/>
      <line num="397" type="stmt" count="0"/>
      <line num="398" type="stmt" count="0"/>
      <line num="400" type="stmt" count="1"/>
      <line num="404" type="stmt" count="1"/>
      <line num="405" type="stmt" count="0"/>
      <line num="406" type="stmt" count="0"/>
      <line num="409" type="stmt" count="1"/>
      <line num="410" type="stmt" count="1"/>
      <line num="411" type="stmt" count="1"/>
      <line num="414" type="stmt" count="1"/>
      <line num="415" type="stmt" count="0"/>
      <line num="416" type="stmt" count="0"/>
      <line num="417" type="stmt" count="1"/>
      <line num="421" type="stmt" count="1"/>
      <line num="422" type="stmt" count="0"/>
      <line num="424" type="stmt" count="1"/>
      <line num="425" type="stmt" count="0"/>
      <line num="426" type="stmt" count="0"/>
      <line num="428" type="stmt" count="0"/>
      <line num="430" type="stmt" count="0"/>
      <line num="433" type="stmt" count="1"/>
      <line num="434" type="stmt" count="1"/>
      <line num="435" type="stmt" count="1"/>
      <line num="436" type="stmt" count="1"/>
      <line num="437" type="stmt" count="1"/>
      <line num="438" type="stmt" count="0"/>
      <line num="440" type="stmt" count="0"/>
      <line num="441" type="stmt" count="0"/>
      <line num="442" type="stmt" count="0"/>
      <line num="443" type="stmt" count="0"/>
      <line num="444" type="stmt" count="0"/>
      <line num="445" type="stmt" count="0"/>
      <line num="446" type="stmt" count="0"/>
      <line num="447" type="stmt" count="0"/>
      <line num="449" type="stmt" count="0"/>
      <line num="451" type="stmt" count="0"/>
      <line num="452" type="stmt" count="0"/>
      <line num="453" type="stmt" count="0"/>
      <line num="454" type="stmt" count="0"/>
      <line num="455" type="stmt" count="0"/>
      <line num="456" type="stmt" count="0"/>
      <line num="457" type="stmt" count="0"/>
      <line num="458" type="stmt" count="0"/>
      <line num="459" type="stmt" count="0"/>
      <line num="462" type="stmt" count="0"/>
      <line num="464" type="stmt" count="0"/>
      <line num="465" type="stmt" count="0"/>
      <line num="466" type="stmt" count="0"/>
      <line num="467" type="stmt" count="0"/>
      <line num="468" type="stmt" count="0"/>
      <line num="469" type="stmt" count="0"/>
      <line num="470" type="stmt" count="0"/>
      <line num="471" type="stmt" count="0"/>
      <line num="473" type="stmt" count="1"/>
      <line num="477" type="stmt" count="0"/>
      <line num="478" type="stmt" count="0"/>
      <line num="480" type="stmt" count="0"/>
      <line num="481" type="stmt" count="0"/>
      <line num="482" type="stmt" count="0"/>
      <line num="483" type="stmt" count="0"/>
      <line num="484" type="stmt" count="0"/>
      <line num="485" type="stmt" count="0"/>
      <line num="486" type="stmt" count="0"/>
      <line num="487" type="stmt" count="0"/>
      <line num="488" type="stmt" count="0"/>
      <line num="489" type="stmt" count="0"/>
      <line num="490" type="stmt" count="0"/>
      <line num="491" type="stmt" count="0"/>
      <line num="492" type="stmt" count="0"/>
      <line num="493" type="stmt" count="0"/>
      <line num="496" type="stmt" count="0"/>
      <line num="497" type="stmt" count="0"/>
      <line num="498" type="stmt" count="0"/>
      <line num="499" type="stmt" count="0"/>
      <line num="500" type="stmt" count="0"/>
      <line num="502" type="stmt" count="0"/>
      <line num="503" type="stmt" count="0"/>
      <metrics loc="503" ncloc="376" classes="0" methods="0" coveredmethods="0" conditionals="0" coveredconditionals="0" statements="296" coveredstatements="83" elements="296" coveredelements="83"/>
    </file>
    <file name="C:\zend\Apache2\htdocs\webedition\webEdition/we/include/we_global.inc.php">
      <line num="30" type="stmt" count="0"/>
      <line num="31" type="stmt" count="0"/>
      <line num="32" type="stmt" count="0"/>
      <line num="33" type="stmt" count="0"/>
      <line num="35" type="stmt" count="0"/>
      <line num="36" type="stmt" count="0"/>
      <line num="48" type="stmt" count="0"/>
      <line num="52" type="stmt" count="0"/>
      <line num="53" type="stmt" count="0"/>
      <line num="54" type="stmt" count="0"/>
      <line num="55" type="stmt" count="0"/>
      <line num="57" type="stmt" count="0"/>
      <line num="58" type="stmt" count="0"/>
      <line num="59" type="stmt" count="0"/>
      <line num="60" type="stmt" count="0"/>
      <line num="61" type="stmt" count="0"/>
      <line num="62" type="stmt" count="0"/>
      <line num="63" type="stmt" count="0"/>
      <line num="64" type="stmt" count="0"/>
      <line num="65" type="stmt" count="0"/>
      <line num="66" type="stmt" count="0"/>
      <line num="68" type="stmt" count="0"/>
      <line num="69" type="stmt" count="0"/>
      <line num="70" type="stmt" count="0"/>
      <line num="71" type="stmt" count="0"/>
      <line num="72" type="stmt" count="0"/>
      <line num="73" type="stmt" count="0"/>
      <line num="74" type="stmt" count="0"/>
      <line num="77" type="stmt" count="0"/>
      <line num="78" type="stmt" count="0"/>
      <line num="79" type="stmt" count="0"/>
      <line num="80" type="stmt" count="0"/>
      <line num="82" type="stmt" count="0"/>
      <line num="84" type="stmt" count="0"/>
      <line num="85" type="stmt" count="0"/>
      <line num="87" type="stmt" count="0"/>
      <line num="91" type="stmt" count="0"/>
      <line num="92" type="stmt" count="0"/>
      <line num="93" type="stmt" count="0"/>
      <line num="95" type="stmt" count="0"/>
      <line num="99" type="stmt" count="0"/>
      <line num="100" type="stmt" count="0"/>
      <line num="103" type="stmt" count="0"/>
      <line num="104" type="stmt" count="0"/>
      <line num="105" type="stmt" count="0"/>
      <line num="106" type="stmt" count="0"/>
      <line num="107" type="stmt" count="0"/>
      <line num="108" type="stmt" count="0"/>
      <line num="109" type="stmt" count="0"/>
      <line num="110" type="stmt" count="0"/>
      <line num="111" type="stmt" count="0"/>
      <line num="112" type="stmt" count="0"/>
      <line num="113" type="stmt" count="0"/>
      <line num="114" type="stmt" count="0"/>
      <line num="115" type="stmt" count="0"/>
      <line num="116" type="stmt" count="0"/>
      <line num="117" type="stmt" count="0"/>
      <line num="118" type="stmt" count="0"/>
      <line num="119" type="stmt" count="0"/>
      <line num="120" type="stmt" count="0"/>
      <line num="121" type="stmt" count="0"/>
      <line num="122" type="stmt" count="0"/>
      <line num="123" type="stmt" count="0"/>
      <line num="126" type="stmt" count="0"/>
      <line num="130" type="stmt" count="0"/>
      <line num="131" type="stmt" count="0"/>
      <line num="132" type="stmt" count="0"/>
      <line num="136" type="stmt" count="0"/>
      <line num="137" type="stmt" count="0"/>
      <line num="138" type="stmt" count="0"/>
      <line num="141" type="stmt" count="0"/>
      <line num="142" type="stmt" count="0"/>
      <line num="143" type="stmt" count="0"/>
      <line num="144" type="stmt" count="0"/>
      <line num="145" type="stmt" count="0"/>
      <line num="146" type="stmt" count="0"/>
      <line num="147" type="stmt" count="0"/>
      <line num="148" type="stmt" count="0"/>
      <line num="149" type="stmt" count="0"/>
      <line num="150" type="stmt" count="0"/>
      <line num="151" type="stmt" count="0"/>
      <line num="152" type="stmt" count="0"/>
      <line num="153" type="stmt" count="0"/>
      <line num="154" type="stmt" count="0"/>
      <line num="155" type="stmt" count="0"/>
      <line num="156" type="stmt" count="0"/>
      <line num="157" type="stmt" count="0"/>
      <line num="158" type="stmt" count="0"/>
      <line num="159" type="stmt" count="0"/>
      <line num="160" type="stmt" count="0"/>
      <line num="161" type="stmt" count="0"/>
      <line num="162" type="stmt" count="0"/>
      <line num="163" type="stmt" count="0"/>
      <line num="164" type="stmt" count="0"/>
      <line num="165" type="stmt" count="0"/>
      <line num="166" type="stmt" count="0"/>
      <line num="167" type="stmt" count="0"/>
      <line num="171" type="stmt" count="0"/>
      <line num="172" type="stmt" count="0"/>
      <line num="174" type="stmt" count="0"/>
      <line num="175" type="stmt" count="0"/>
      <line num="176" type="stmt" count="0"/>
      <line num="177" type="stmt" count="0"/>
      <line num="178" type="stmt" count="0"/>
      <line num="179" type="stmt" count="0"/>
      <line num="180" type="stmt" count="0"/>
      <line num="181" type="stmt" count="0"/>
      <line num="182" type="stmt" count="0"/>
      <line num="183" type="stmt" count="0"/>
      <line num="187" type="stmt" count="0"/>
      <line num="188" type="stmt" count="0"/>
      <line num="189" type="stmt" count="0"/>
      <line num="190" type="stmt" count="0"/>
      <line num="192" type="stmt" count="0"/>
      <line num="195" type="stmt" count="0"/>
      <line num="204" type="stmt" count="0"/>
      <line num="205" type="stmt" count="0"/>
      <line num="206" type="stmt" count="0"/>
      <line num="207" type="stmt" count="0"/>
      <line num="208" type="stmt" count="0"/>
      <line num="210" type="stmt" count="0"/>
      <line num="211" type="stmt" count="0"/>
      <line num="212" type="stmt" count="0"/>
      <line num="213" type="stmt" count="0"/>
      <line num="215" type="stmt" count="0"/>
      <line num="216" type="stmt" count="0"/>
      <line num="217" type="stmt" count="0"/>
      <line num="218" type="stmt" count="0"/>
      <line num="220" type="stmt" count="0"/>
      <line num="221" type="stmt" count="0"/>
      <line num="222" type="stmt" count="0"/>
      <line num="223" type="stmt" count="0"/>
      <line num="224" type="stmt" count="0"/>
      <line num="226" type="stmt" count="0"/>
      <line num="227" type="stmt" count="0"/>
      <line num="228" type="stmt" count="0"/>
      <line num="229" type="stmt" count="0"/>
      <line num="230" type="stmt" count="0"/>
      <line num="231" type="stmt" count="0"/>
      <line num="236" type="stmt" count="0"/>
      <line num="237" type="stmt" count="0"/>
      <line num="238" type="stmt" count="0"/>
      <line num="239" type="stmt" count="0"/>
      <line num="240" type="stmt" count="0"/>
      <line num="241" type="stmt" count="0"/>
      <line num="242" type="stmt" count="0"/>
      <line num="244" type="stmt" count="0"/>
      <line num="245" type="stmt" count="0"/>
      <line num="246" type="stmt" count="0"/>
      <line num="247" type="stmt" count="0"/>
      <line num="248" type="stmt" count="0"/>
      <line num="250" type="stmt" count="0"/>
      <line num="251" type="stmt" count="0"/>
      <line num="252" type="stmt" count="0"/>
      <line num="253" type="stmt" count="0"/>
      <line num="255" type="stmt" count="0"/>
      <line num="256" type="stmt" count="0"/>
      <line num="257" type="stmt" count="0"/>
      <line num="259" type="stmt" count="0"/>
      <line num="261" type="stmt" count="0"/>
      <line num="262" type="stmt" count="0"/>
      <line num="263" type="stmt" count="0"/>
      <line num="264" type="stmt" count="0"/>
      <line num="266" type="stmt" count="0"/>
      <line num="267" type="stmt" count="0"/>
      <line num="268" type="stmt" count="0"/>
      <line num="269" type="stmt" count="0"/>
      <line num="270" type="stmt" count="0"/>
      <line num="271" type="stmt" count="0"/>
      <line num="272" type="stmt" count="0"/>
      <line num="273" type="stmt" count="0"/>
      <line num="275" type="stmt" count="0"/>
      <line num="277" type="stmt" count="0"/>
      <line num="278" type="stmt" count="0"/>
      <line num="279" type="stmt" count="0"/>
      <line num="280" type="stmt" count="0"/>
      <line num="282" type="stmt" count="0"/>
      <line num="283" type="stmt" count="0"/>
      <line num="284" type="stmt" count="0"/>
      <line num="287" type="stmt" count="0"/>
      <line num="292" type="stmt" count="0"/>
      <line num="293" type="stmt" count="0"/>
      <line num="294" type="stmt" count="0"/>
      <line num="295" type="stmt" count="0"/>
      <line num="296" type="stmt" count="0"/>
      <line num="297" type="stmt" count="0"/>
      <line num="298" type="stmt" count="0"/>
      <line num="300" type="stmt" count="0"/>
      <line num="302" type="stmt" count="0"/>
      <line num="303" type="stmt" count="0"/>
      <line num="304" type="stmt" count="0"/>
      <line num="305" type="stmt" count="0"/>
      <line num="306" type="stmt" count="0"/>
      <line num="307" type="stmt" count="0"/>
      <line num="308" type="stmt" count="0"/>
      <line num="309" type="stmt" count="0"/>
      <line num="310" type="stmt" count="0"/>
      <line num="311" type="stmt" count="0"/>
      <line num="312" type="stmt" count="0"/>
      <line num="313" type="stmt" count="0"/>
      <line num="314" type="stmt" count="0"/>
      <line num="315" type="stmt" count="0"/>
      <line num="316" type="stmt" count="0"/>
      <line num="317" type="stmt" count="0"/>
      <line num="318" type="stmt" count="0"/>
      <line num="319" type="stmt" count="0"/>
      <line num="323" type="stmt" count="0"/>
      <line num="325" type="stmt" count="0"/>
      <line num="326" type="stmt" count="0"/>
      <line num="327" type="stmt" count="0"/>
      <line num="328" type="stmt" count="0"/>
      <line num="329" type="stmt" count="0"/>
      <line num="330" type="stmt" count="0"/>
      <line num="332" type="stmt" count="0"/>
      <line num="333" type="stmt" count="0"/>
      <line num="334" type="stmt" count="0"/>
      <line num="335" type="stmt" count="0"/>
      <line num="336" type="stmt" count="0"/>
      <line num="338" type="stmt" count="0"/>
      <line num="339" type="stmt" count="0"/>
      <line num="349" type="stmt" count="0"/>
      <line num="351" type="stmt" count="0"/>
      <line num="352" type="stmt" count="0"/>
      <line num="355" type="stmt" count="0"/>
      <line num="356" type="stmt" count="0"/>
      <line num="357" type="stmt" count="0"/>
      <line num="366" type="stmt" count="0"/>
      <line num="370" type="stmt" count="0"/>
      <line num="374" type="stmt" count="0"/>
      <line num="375" type="stmt" count="0"/>
      <line num="376" type="stmt" count="0"/>
      <line num="377" type="stmt" count="0"/>
      <line num="378" type="stmt" count="0"/>
      <line num="379" type="stmt" count="0"/>
      <line num="380" type="stmt" count="0"/>
      <line num="381" type="stmt" count="0"/>
      <line num="382" type="stmt" count="0"/>
      <line num="383" type="stmt" count="0"/>
      <line num="384" type="stmt" count="0"/>
      <line num="385" type="stmt" count="0"/>
      <line num="386" type="stmt" count="0"/>
      <line num="387" type="stmt" count="0"/>
      <line num="388" type="stmt" count="0"/>
      <line num="389" type="stmt" count="0"/>
      <line num="390" type="stmt" count="0"/>
      <line num="391" type="stmt" count="0"/>
      <line num="392" type="stmt" count="0"/>
      <line num="393" type="stmt" count="0"/>
      <line num="394" type="stmt" count="0"/>
      <line num="395" type="stmt" count="0"/>
      <line num="396" type="stmt" count="0"/>
      <line num="397" type="stmt" count="0"/>
      <line num="398" type="stmt" count="0"/>
      <line num="399" type="stmt" count="0"/>
      <line num="400" type="stmt" count="0"/>
      <line num="401" type="stmt" count="0"/>
      <line num="402" type="stmt" count="0"/>
      <line num="403" type="stmt" count="0"/>
      <line num="404" type="stmt" count="0"/>
      <line num="405" type="stmt" count="0"/>
      <line num="406" type="stmt" count="0"/>
      <line num="407" type="stmt" count="0"/>
      <line num="408" type="stmt" count="0"/>
      <line num="409" type="stmt" count="0"/>
      <line num="410" type="stmt" count="0"/>
      <line num="411" type="stmt" count="0"/>
      <line num="412" type="stmt" count="0"/>
      <line num="413" type="stmt" count="0"/>
      <line num="414" type="stmt" count="0"/>
      <line num="415" type="stmt" count="0"/>
      <line num="416" type="stmt" count="0"/>
      <line num="417" type="stmt" count="0"/>
      <line num="418" type="stmt" count="0"/>
      <line num="419" type="stmt" count="0"/>
      <line num="420" type="stmt" count="0"/>
      <line num="421" type="stmt" count="0"/>
      <line num="422" type="stmt" count="0"/>
      <line num="425" type="stmt" count="0"/>
      <line num="426" type="stmt" count="0"/>
      <line num="427" type="stmt" count="0"/>
      <line num="428" type="stmt" count="0"/>
      <line num="429" type="stmt" count="0"/>
      <line num="430" type="stmt" count="0"/>
      <line num="431" type="stmt" count="0"/>
      <line num="432" type="stmt" count="0"/>
      <line num="433" type="stmt" count="0"/>
      <line num="434" type="stmt" count="0"/>
      <line num="435" type="stmt" count="0"/>
      <line num="436" type="stmt" count="0"/>
      <line num="437" type="stmt" count="0"/>
      <line num="438" type="stmt" count="0"/>
      <line num="439" type="stmt" count="0"/>
      <line num="442" type="stmt" count="0"/>
      <line num="443" type="stmt" count="0"/>
      <line num="445" type="stmt" count="0"/>
      <line num="450" type="stmt" count="0"/>
      <line num="451" type="stmt" count="0"/>
      <line num="460" type="stmt" count="0"/>
      <line num="461" type="stmt" count="0"/>
      <line num="463" type="stmt" count="0"/>
      <line num="464" type="stmt" count="0"/>
      <line num="465" type="stmt" count="0"/>
      <line num="466" type="stmt" count="0"/>
      <line num="467" type="stmt" count="0"/>
      <line num="476" type="stmt" count="0"/>
      <line num="477" type="stmt" count="0"/>
      <line num="481" type="stmt" count="0"/>
      <line num="482" type="stmt" count="0"/>
      <line num="483" type="stmt" count="0"/>
      <line num="484" type="stmt" count="0"/>
      <line num="485" type="stmt" count="0"/>
      <line num="486" type="stmt" count="0"/>
      <line num="487" type="stmt" count="0"/>
      <line num="488" type="stmt" count="0"/>
      <line num="489" type="stmt" count="0"/>
      <line num="490" type="stmt" count="0"/>
      <line num="491" type="stmt" count="0"/>
      <line num="493" type="stmt" count="0"/>
      <line num="494" type="stmt" count="0"/>
      <line num="495" type="stmt" count="0"/>
      <line num="496" type="stmt" count="0"/>
      <line num="500" type="stmt" count="0"/>
      <line num="501" type="stmt" count="0"/>
      <line num="502" type="stmt" count="0"/>
      <line num="503" type="stmt" count="0"/>
      <line num="504" type="stmt" count="0"/>
      <line num="505" type="stmt" count="0"/>
      <line num="506" type="stmt" count="0"/>
      <line num="507" type="stmt" count="0"/>
      <line num="508" type="stmt" count="0"/>
      <line num="509" type="stmt" count="0"/>
      <line num="510" type="stmt" count="0"/>
      <line num="511" type="stmt" count="0"/>
      <line num="512" type="stmt" count="0"/>
      <line num="513" type="stmt" count="0"/>
      <line num="517" type="stmt" count="0"/>
      <line num="518" type="stmt" count="0"/>
      <line num="519" type="stmt" count="0"/>
      <line num="523" type="stmt" count="0"/>
      <line num="524" type="stmt" count="0"/>
      <line num="525" type="stmt" count="0"/>
      <line num="526" type="stmt" count="0"/>
      <line num="527" type="stmt" count="0"/>
      <line num="529" type="stmt" count="0"/>
      <line num="530" type="stmt" count="0"/>
      <line num="532" type="stmt" count="0"/>
      <line num="533" type="stmt" count="0"/>
      <line num="534" type="stmt" count="0"/>
      <line num="535" type="stmt" count="0"/>
      <line num="536" type="stmt" count="0"/>
      <line num="537" type="stmt" count="0"/>
      <line num="538" type="stmt" count="0"/>
      <line num="539" type="stmt" count="0"/>
      <line num="540" type="stmt" count="0"/>
      <line num="541" type="stmt" count="0"/>
      <line num="542" type="stmt" count="0"/>
      <line num="543" type="stmt" count="0"/>
      <line num="544" type="stmt" count="0"/>
      <line num="545" type="stmt" count="0"/>
      <line num="546" type="stmt" count="0"/>
      <line num="547" type="stmt" count="0"/>
      <line num="549" type="stmt" count="0"/>
      <line num="550" type="stmt" count="0"/>
      <line num="552" type="stmt" count="0"/>
      <line num="553" type="stmt" count="0"/>
      <line num="557" type="stmt" count="0"/>
      <line num="558" type="stmt" count="0"/>
      <line num="560" type="stmt" count="0"/>
      <line num="561" type="stmt" count="0"/>
      <line num="562" type="stmt" count="0"/>
      <line num="563" type="stmt" count="0"/>
      <line num="564" type="stmt" count="0"/>
      <line num="565" type="stmt" count="0"/>
      <line num="566" type="stmt" count="0"/>
      <line num="567" type="stmt" count="0"/>
      <line num="568" type="stmt" count="0"/>
      <line num="569" type="stmt" count="0"/>
      <line num="570" type="stmt" count="0"/>
      <line num="571" type="stmt" count="0"/>
      <line num="572" type="stmt" count="0"/>
      <line num="573" type="stmt" count="0"/>
      <line num="575" type="stmt" count="0"/>
      <line num="576" type="stmt" count="0"/>
      <line num="577" type="stmt" count="0"/>
      <line num="578" type="stmt" count="0"/>
      <line num="582" type="stmt" count="0"/>
      <line num="583" type="stmt" count="0"/>
      <line num="585" type="stmt" count="0"/>
      <line num="586" type="stmt" count="0"/>
      <line num="587" type="stmt" count="0"/>
      <line num="590" type="stmt" count="0"/>
      <line num="591" type="stmt" count="0"/>
      <line num="595" type="stmt" count="0"/>
      <line num="596" type="stmt" count="0"/>
      <line num="598" type="stmt" count="0"/>
      <line num="599" type="stmt" count="0"/>
      <line num="603" type="stmt" count="0"/>
      <line num="605" type="stmt" count="0"/>
      <line num="606" type="stmt" count="0"/>
      <line num="609" type="stmt" count="0"/>
      <line num="610" type="stmt" count="0"/>
      <line num="611" type="stmt" count="0"/>
      <line num="612" type="stmt" count="0"/>
      <line num="613" type="stmt" count="0"/>
      <line num="617" type="stmt" count="0"/>
      <line num="618" type="stmt" count="0"/>
      <line num="621" type="stmt" count="0"/>
      <line num="623" type="stmt" count="0"/>
      <line num="624" type="stmt" count="0"/>
      <line num="625" type="stmt" count="0"/>
      <line num="626" type="stmt" count="0"/>
      <line num="627" type="stmt" count="0"/>
      <line num="628" type="stmt" count="0"/>
      <line num="629" type="stmt" count="0"/>
      <line num="630" type="stmt" count="0"/>
      <line num="631" type="stmt" count="0"/>
      <line num="632" type="stmt" count="0"/>
      <line num="633" type="stmt" count="0"/>
      <line num="634" type="stmt" count="0"/>
      <line num="635" type="stmt" count="0"/>
      <line num="639" type="stmt" count="0"/>
      <line num="640" type="stmt" count="0"/>
      <line num="642" type="stmt" count="0"/>
      <line num="643" type="stmt" count="0"/>
      <line num="647" type="stmt" count="0"/>
      <line num="648" type="stmt" count="0"/>
      <line num="650" type="stmt" count="0"/>
      <line num="651" type="stmt" count="0"/>
      <line num="655" type="stmt" count="0"/>
      <line num="656" type="stmt" count="0"/>
      <line num="658" type="stmt" count="0"/>
      <line num="659" type="stmt" count="0"/>
      <line num="661" type="stmt" count="0"/>
      <line num="663" type="stmt" count="0"/>
      <line num="664" type="stmt" count="0"/>
      <line num="666" type="stmt" count="0"/>
      <line num="667" type="stmt" count="0"/>
      <line num="669" type="stmt" count="0"/>
      <line num="670" type="stmt" count="0"/>
      <line num="672" type="stmt" count="0"/>
      <line num="673" type="stmt" count="0"/>
      <line num="674" type="stmt" count="0"/>
      <line num="678" type="stmt" count="0"/>
      <line num="679" type="stmt" count="0"/>
      <line num="681" type="stmt" count="0"/>
      <line num="683" type="stmt" count="0"/>
      <line num="684" type="stmt" count="0"/>
      <line num="685" type="stmt" count="0"/>
      <line num="686" type="stmt" count="0"/>
      <line num="687" type="stmt" count="0"/>
      <line num="688" type="stmt" count="0"/>
      <line num="689" type="stmt" count="0"/>
      <line num="690" type="stmt" count="0"/>
      <line num="692" type="stmt" count="0"/>
      <line num="693" type="stmt" count="0"/>
      <line num="695" type="stmt" count="0"/>
      <line num="696" type="stmt" count="0"/>
      <line num="697" type="stmt" count="0"/>
      <line num="698" type="stmt" count="0"/>
      <line num="700" type="stmt" count="0"/>
      <line num="701" type="stmt" count="0"/>
      <line num="702" type="stmt" count="0"/>
      <line num="706" type="stmt" count="0"/>
      <line num="707" type="stmt" count="0"/>
      <line num="708" type="stmt" count="0"/>
      <line num="710" type="stmt" count="0"/>
      <line num="711" type="stmt" count="0"/>
      <line num="712" type="stmt" count="0"/>
      <line num="713" type="stmt" count="0"/>
      <line num="715" type="stmt" count="0"/>
      <line num="716" type="stmt" count="0"/>
      <line num="717" type="stmt" count="0"/>
      <line num="718" type="stmt" count="0"/>
      <line num="719" type="stmt" count="0"/>
      <line num="720" type="stmt" count="0"/>
      <line num="721" type="stmt" count="0"/>
      <line num="722" type="stmt" count="0"/>
      <line num="724" type="stmt" count="0"/>
      <line num="725" type="stmt" count="0"/>
      <line num="730" type="stmt" count="0"/>
      <line num="731" type="stmt" count="0"/>
      <line num="733" type="stmt" count="0"/>
      <line num="734" type="stmt" count="0"/>
      <line num="738" type="stmt" count="0"/>
      <line num="739" type="stmt" count="0"/>
      <line num="741" type="stmt" count="0"/>
      <line num="742" type="stmt" count="0"/>
      <line num="743" type="stmt" count="0"/>
      <line num="744" type="stmt" count="0"/>
      <line num="745" type="stmt" count="0"/>
      <line num="746" type="stmt" count="0"/>
      <line num="750" type="stmt" count="0"/>
      <line num="751" type="stmt" count="0"/>
      <line num="753" type="stmt" count="0"/>
      <line num="754" type="stmt" count="0"/>
      <line num="755" type="stmt" count="0"/>
      <line num="757" type="stmt" count="0"/>
      <line num="761" type="stmt" count="0"/>
      <line num="762" type="stmt" count="0"/>
      <line num="765" type="stmt" count="0"/>
      <line num="767" type="stmt" count="0"/>
      <line num="768" type="stmt" count="0"/>
      <line num="769" type="stmt" count="0"/>
      <line num="770" type="stmt" count="0"/>
      <line num="771" type="stmt" count="0"/>
      <line num="772" type="stmt" count="0"/>
      <line num="773" type="stmt" count="0"/>
      <line num="774" type="stmt" count="0"/>
      <line num="775" type="stmt" count="0"/>
      <line num="776" type="stmt" count="0"/>
      <line num="777" type="stmt" count="0"/>
      <line num="778" type="stmt" count="0"/>
      <line num="779" type="stmt" count="0"/>
      <line num="780" type="stmt" count="0"/>
      <line num="781" type="stmt" count="0"/>
      <line num="783" type="stmt" count="0"/>
      <line num="784" type="stmt" count="0"/>
      <line num="788" type="stmt" count="0"/>
      <line num="789" type="stmt" count="0"/>
      <line num="791" type="stmt" count="0"/>
      <line num="792" type="stmt" count="0"/>
      <line num="793" type="stmt" count="0"/>
      <line num="795" type="stmt" count="0"/>
      <line num="796" type="stmt" count="0"/>
      <line num="797" type="stmt" count="0"/>
      <line num="798" type="stmt" count="0"/>
      <line num="799" type="stmt" count="0"/>
      <line num="800" type="stmt" count="0"/>
      <line num="801" type="stmt" count="0"/>
      <line num="805" type="stmt" count="0"/>
      <line num="806" type="stmt" count="0"/>
      <line num="807" type="stmt" count="0"/>
      <line num="808" type="stmt" count="0"/>
      <line num="809" type="stmt" count="0"/>
      <line num="810" type="stmt" count="0"/>
      <line num="811" type="stmt" count="0"/>
      <line num="812" type="stmt" count="0"/>
      <line num="813" type="stmt" count="0"/>
      <line num="814" type="stmt" count="0"/>
      <line num="815" type="stmt" count="0"/>
      <line num="816" type="stmt" count="0"/>
      <line num="817" type="stmt" count="0"/>
      <line num="818" type="stmt" count="0"/>
      <line num="820" type="stmt" count="0"/>
      <line num="821" type="stmt" count="0"/>
      <line num="823" type="stmt" count="0"/>
      <line num="824" type="stmt" count="0"/>
      <line num="825" type="stmt" count="0"/>
      <line num="826" type="stmt" count="0"/>
      <line num="827" type="stmt" count="0"/>
      <line num="828" type="stmt" count="0"/>
      <line num="830" type="stmt" count="0"/>
      <line num="832" type="stmt" count="0"/>
      <line num="833" type="stmt" count="0"/>
      <line num="834" type="stmt" count="0"/>
      <line num="835" type="stmt" count="0"/>
      <line num="836" type="stmt" count="0"/>
      <line num="840" type="stmt" count="0"/>
      <line num="841" type="stmt" count="0"/>
      <line num="842" type="stmt" count="0"/>
      <line num="843" type="stmt" count="0"/>
      <line num="844" type="stmt" count="0"/>
      <line num="845" type="stmt" count="0"/>
      <line num="846" type="stmt" count="0"/>
      <line num="847" type="stmt" count="0"/>
      <line num="848" type="stmt" count="0"/>
      <line num="852" type="stmt" count="0"/>
      <line num="853" type="stmt" count="0"/>
      <line num="854" type="stmt" count="0"/>
      <line num="855" type="stmt" count="0"/>
      <line num="856" type="stmt" count="0"/>
      <line num="857" type="stmt" count="0"/>
      <line num="858" type="stmt" count="0"/>
      <line num="861" type="stmt" count="0"/>
      <line num="862" type="stmt" count="0"/>
      <line num="863" type="stmt" count="0"/>
      <line num="864" type="stmt" count="0"/>
      <line num="865" type="stmt" count="0"/>
      <line num="866" type="stmt" count="0"/>
      <line num="870" type="stmt" count="0"/>
      <line num="871" type="stmt" count="0"/>
      <line num="872" type="stmt" count="0"/>
      <line num="874" type="stmt" count="0"/>
      <line num="875" type="stmt" count="0"/>
      <line num="877" type="stmt" count="0"/>
      <line num="878" type="stmt" count="0"/>
      <line num="882" type="stmt" count="0"/>
      <line num="883" type="stmt" count="0"/>
      <line num="884" type="stmt" count="0"/>
      <line num="885" type="stmt" count="0"/>
      <line num="886" type="stmt" count="0"/>
      <line num="887" type="stmt" count="0"/>
      <line num="888" type="stmt" count="0"/>
      <line num="889" type="stmt" count="0"/>
      <line num="890" type="stmt" count="0"/>
      <line num="891" type="stmt" count="0"/>
      <line num="892" type="stmt" count="0"/>
      <line num="894" type="stmt" count="0"/>
      <line num="895" type="stmt" count="0"/>
      <line num="898" type="stmt" count="0"/>
      <line num="899" type="stmt" count="0"/>
      <line num="900" type="stmt" count="0"/>
      <line num="901" type="stmt" count="0"/>
      <line num="902" type="stmt" count="0"/>
      <line num="903" type="stmt" count="0"/>
      <line num="904" type="stmt" count="0"/>
      <line num="905" type="stmt" count="0"/>
      <line num="906" type="stmt" count="0"/>
      <line num="907" type="stmt" count="0"/>
      <line num="908" type="stmt" count="0"/>
      <line num="909" type="stmt" count="0"/>
      <line num="910" type="stmt" count="0"/>
      <line num="913" type="stmt" count="0"/>
      <line num="914" type="stmt" count="0"/>
      <line num="917" type="stmt" count="0"/>
      <line num="918" type="stmt" count="0"/>
      <line num="920" type="stmt" count="0"/>
      <line num="921" type="stmt" count="0"/>
      <line num="922" type="stmt" count="0"/>
      <line num="923" type="stmt" count="0"/>
      <line num="924" type="stmt" count="0"/>
      <line num="925" type="stmt" count="0"/>
      <line num="926" type="stmt" count="0"/>
      <line num="927" type="stmt" count="0"/>
      <line num="929" type="stmt" count="0"/>
      <line num="930" type="stmt" count="0"/>
      <line num="931" type="stmt" count="0"/>
      <line num="932" type="stmt" count="0"/>
      <line num="933" type="stmt" count="0"/>
      <line num="935" type="stmt" count="0"/>
      <line num="936" type="stmt" count="0"/>
      <line num="937" type="stmt" count="0"/>
      <line num="938" type="stmt" count="0"/>
      <line num="939" type="stmt" count="0"/>
      <line num="940" type="stmt" count="0"/>
      <line num="941" type="stmt" count="0"/>
      <line num="942" type="stmt" count="0"/>
      <line num="944" type="stmt" count="0"/>
      <line num="945" type="stmt" count="0"/>
      <line num="947" type="stmt" count="0"/>
      <line num="951" type="stmt" count="0"/>
      <line num="952" type="stmt" count="0"/>
      <line num="954" type="stmt" count="0"/>
      <line num="955" type="stmt" count="0"/>
      <line num="956" type="stmt" count="0"/>
      <line num="957" type="stmt" count="0"/>
      <line num="958" type="stmt" count="0"/>
      <line num="959" type="stmt" count="0"/>
      <line num="960" type="stmt" count="0"/>
      <line num="961" type="stmt" count="0"/>
      <line num="962" type="stmt" count="0"/>
      <line num="963" type="stmt" count="0"/>
      <line num="964" type="stmt" count="0"/>
      <line num="965" type="stmt" count="0"/>
      <line num="966" type="stmt" count="0"/>
      <line num="967" type="stmt" count="0"/>
      <line num="968" type="stmt" count="0"/>
      <line num="969" type="stmt" count="0"/>
      <line num="970" type="stmt" count="0"/>
      <line num="971" type="stmt" count="0"/>
      <line num="972" type="stmt" count="0"/>
      <line num="973" type="stmt" count="0"/>
      <line num="974" type="stmt" count="0"/>
      <line num="975" type="stmt" count="0"/>
      <line num="976" type="stmt" count="0"/>
      <line num="977" type="stmt" count="0"/>
      <line num="978" type="stmt" count="0"/>
      <line num="979" type="stmt" count="0"/>
      <line num="980" type="stmt" count="0"/>
      <line num="981" type="stmt" count="0"/>
      <line num="982" type="stmt" count="0"/>
      <line num="983" type="stmt" count="0"/>
      <line num="984" type="stmt" count="0"/>
      <line num="989" type="stmt" count="0"/>
      <line num="991" type="stmt" count="0"/>
      <line num="992" type="stmt" count="0"/>
      <line num="993" type="stmt" count="0"/>
      <line num="995" type="stmt" count="0"/>
      <line num="996" type="stmt" count="0"/>
      <line num="998" type="stmt" count="0"/>
      <line num="999" type="stmt" count="0"/>
      <line num="1000" type="stmt" count="0"/>
      <line num="1003" type="stmt" count="0"/>
      <line num="1007" type="stmt" count="0"/>
      <line num="1008" type="stmt" count="0"/>
      <line num="1009" type="stmt" count="0"/>
      <line num="1010" type="stmt" count="0"/>
      <line num="1011" type="stmt" count="0"/>
      <line num="1013" type="stmt" count="0"/>
      <line num="1014" type="stmt" count="0"/>
      <line num="1024" type="stmt" count="0"/>
      <line num="1025" type="stmt" count="0"/>
      <line num="1026" type="stmt" count="0"/>
      <line num="1027" type="stmt" count="0"/>
      <line num="1028" type="stmt" count="0"/>
      <line num="1036" type="stmt" count="0"/>
      <line num="1037" type="stmt" count="0"/>
      <line num="1038" type="stmt" count="0"/>
      <line num="1039" type="stmt" count="0"/>
      <line num="1040" type="stmt" count="0"/>
      <line num="1041" type="stmt" count="0"/>
      <line num="1042" type="stmt" count="0"/>
      <line num="1043" type="stmt" count="0"/>
      <line num="1044" type="stmt" count="0"/>
      <line num="1045" type="stmt" count="0"/>
      <line num="1046" type="stmt" count="0"/>
      <line num="1047" type="stmt" count="0"/>
      <line num="1048" type="stmt" count="0"/>
      <line num="1050" type="stmt" count="0"/>
      <line num="1051" type="stmt" count="0"/>
      <line num="1052" type="stmt" count="0"/>
      <line num="1053" type="stmt" count="0"/>
      <line num="1055" type="stmt" count="0"/>
      <line num="1056" type="stmt" count="0"/>
      <line num="1057" type="stmt" count="0"/>
      <line num="1058" type="stmt" count="0"/>
      <line num="1059" type="stmt" count="0"/>
      <line num="1060" type="stmt" count="0"/>
      <line num="1061" type="stmt" count="0"/>
      <line num="1062" type="stmt" count="0"/>
      <line num="1063" type="stmt" count="0"/>
      <line num="1064" type="stmt" count="0"/>
      <line num="1066" type="stmt" count="0"/>
      <line num="1067" type="stmt" count="0"/>
      <line num="1068" type="stmt" count="0"/>
      <line num="1069" type="stmt" count="0"/>
      <line num="1071" type="stmt" count="0"/>
      <line num="1073" type="stmt" count="0"/>
      <line num="1074" type="stmt" count="0"/>
      <line num="1075" type="stmt" count="0"/>
      <line num="1076" type="stmt" count="0"/>
      <line num="1079" type="stmt" count="0"/>
      <line num="1080" type="stmt" count="0"/>
      <line num="1083" type="stmt" count="0"/>
      <line num="1084" type="stmt" count="0"/>
      <line num="1085" type="stmt" count="0"/>
      <line num="1086" type="stmt" count="0"/>
      <line num="1088" type="stmt" count="0"/>
      <line num="1089" type="stmt" count="0"/>
      <line num="1090" type="stmt" count="0"/>
      <line num="1094" type="stmt" count="0"/>
      <line num="1095" type="stmt" count="0"/>
      <line num="1096" type="stmt" count="0"/>
      <line num="1099" type="stmt" count="0"/>
      <line num="1101" type="stmt" count="0"/>
      <line num="1102" type="stmt" count="0"/>
      <line num="1103" type="stmt" count="0"/>
      <line num="1104" type="stmt" count="0"/>
      <line num="1105" type="stmt" count="0"/>
      <line num="1106" type="stmt" count="0"/>
      <line num="1107" type="stmt" count="0"/>
      <line num="1108" type="stmt" count="0"/>
      <line num="1109" type="stmt" count="0"/>
      <line num="1110" type="stmt" count="0"/>
      <line num="1111" type="stmt" count="0"/>
      <line num="1112" type="stmt" count="0"/>
      <line num="1113" type="stmt" count="0"/>
      <line num="1114" type="stmt" count="0"/>
      <line num="1115" type="stmt" count="0"/>
      <line num="1116" type="stmt" count="0"/>
      <line num="1119" type="stmt" count="0"/>
      <line num="1120" type="stmt" count="0"/>
      <line num="1121" type="stmt" count="0"/>
      <line num="1122" type="stmt" count="0"/>
      <line num="1123" type="stmt" count="0"/>
      <line num="1125" type="stmt" count="0"/>
      <line num="1126" type="stmt" count="0"/>
      <line num="1127" type="stmt" count="0"/>
      <line num="1128" type="stmt" count="0"/>
      <line num="1129" type="stmt" count="0"/>
      <line num="1130" type="stmt" count="0"/>
      <line num="1131" type="stmt" count="0"/>
      <line num="1133" type="stmt" count="0"/>
      <line num="1134" type="stmt" count="0"/>
      <line num="1135" type="stmt" count="0"/>
      <line num="1136" type="stmt" count="0"/>
      <line num="1137" type="stmt" count="0"/>
      <line num="1138" type="stmt" count="0"/>
      <line num="1139" type="stmt" count="0"/>
      <line num="1140" type="stmt" count="0"/>
      <line num="1142" type="stmt" count="0"/>
      <line num="1143" type="stmt" count="0"/>
      <line num="1144" type="stmt" count="0"/>
      <line num="1145" type="stmt" count="0"/>
      <line num="1146" type="stmt" count="0"/>
      <line num="1147" type="stmt" count="0"/>
      <line num="1148" type="stmt" count="0"/>
      <line num="1149" type="stmt" count="0"/>
      <line num="1150" type="stmt" count="0"/>
      <line num="1151" type="stmt" count="0"/>
      <line num="1153" type="stmt" count="0"/>
      <line num="1156" type="stmt" count="0"/>
      <line num="1157" type="stmt" count="0"/>
      <line num="1158" type="stmt" count="0"/>
      <line num="1159" type="stmt" count="0"/>
      <line num="1162" type="stmt" count="0"/>
      <line num="1166" type="stmt" count="0"/>
      <line num="1167" type="stmt" count="0"/>
      <line num="1168" type="stmt" count="0"/>
      <line num="1170" type="stmt" count="0"/>
      <line num="1171" type="stmt" count="0"/>
      <line num="1172" type="stmt" count="0"/>
      <line num="1173" type="stmt" count="0"/>
      <line num="1174" type="stmt" count="0"/>
      <line num="1175" type="stmt" count="0"/>
      <line num="1176" type="stmt" count="0"/>
      <line num="1177" type="stmt" count="0"/>
      <line num="1178" type="stmt" count="0"/>
      <line num="1180" type="stmt" count="0"/>
      <line num="1181" type="stmt" count="0"/>
      <line num="1182" type="stmt" count="0"/>
      <line num="1183" type="stmt" count="0"/>
      <line num="1184" type="stmt" count="0"/>
      <line num="1186" type="stmt" count="0"/>
      <line num="1190" type="stmt" count="0"/>
      <line num="1191" type="stmt" count="0"/>
      <line num="1192" type="stmt" count="0"/>
      <line num="1193" type="stmt" count="0"/>
      <line num="1194" type="stmt" count="0"/>
      <line num="1196" type="stmt" count="0"/>
      <line num="1198" type="stmt" count="0"/>
      <line num="1199" type="stmt" count="0"/>
      <line num="1200" type="stmt" count="0"/>
      <line num="1201" type="stmt" count="0"/>
      <line num="1202" type="stmt" count="0"/>
      <line num="1203" type="stmt" count="0"/>
      <line num="1204" type="stmt" count="0"/>
      <line num="1206" type="stmt" count="0"/>
      <line num="1207" type="stmt" count="0"/>
      <line num="1209" type="stmt" count="0"/>
      <line num="1210" type="stmt" count="0"/>
      <line num="1211" type="stmt" count="0"/>
      <line num="1212" type="stmt" count="0"/>
      <line num="1213" type="stmt" count="0"/>
      <line num="1214" type="stmt" count="0"/>
      <line num="1215" type="stmt" count="0"/>
      <line num="1216" type="stmt" count="0"/>
      <line num="1217" type="stmt" count="0"/>
      <line num="1218" type="stmt" count="0"/>
      <line num="1220" type="stmt" count="0"/>
      <line num="1221" type="stmt" count="0"/>
      <line num="1222" type="stmt" count="0"/>
      <line num="1223" type="stmt" count="0"/>
      <line num="1224" type="stmt" count="0"/>
      <line num="1225" type="stmt" count="0"/>
      <line num="1226" type="stmt" count="0"/>
      <line num="1227" type="stmt" count="0"/>
      <line num="1228" type="stmt" count="0"/>
      <line num="1229" type="stmt" count="0"/>
      <line num="1230" type="stmt" count="0"/>
      <line num="1231" type="stmt" count="0"/>
      <line num="1232" type="stmt" count="0"/>
      <line num="1233" type="stmt" count="0"/>
      <line num="1234" type="stmt" count="0"/>
      <line num="1235" type="stmt" count="0"/>
      <line num="1237" type="stmt" count="0"/>
      <line num="1238" type="stmt" count="0"/>
      <line num="1239" type="stmt" count="0"/>
      <line num="1241" type="stmt" count="0"/>
      <line num="1245" type="stmt" count="0"/>
      <line num="1246" type="stmt" count="0"/>
      <line num="1250" type="stmt" count="0"/>
      <line num="1254" type="stmt" count="0"/>
      <line num="1255" type="stmt" count="0"/>
      <line num="1257" type="stmt" count="0"/>
      <line num="1258" type="stmt" count="0"/>
      <line num="1259" type="stmt" count="0"/>
      <line num="1260" type="stmt" count="0"/>
      <line num="1261" type="stmt" count="0"/>
      <line num="1262" type="stmt" count="0"/>
      <line num="1263" type="stmt" count="0"/>
      <line num="1265" type="stmt" count="0"/>
      <line num="1266" type="stmt" count="0"/>
      <line num="1267" type="stmt" count="0"/>
      <line num="1269" type="stmt" count="0"/>
      <line num="1270" type="stmt" count="0"/>
      <line num="1271" type="stmt" count="0"/>
      <line num="1272" type="stmt" count="0"/>
      <line num="1273" type="stmt" count="0"/>
      <line num="1274" type="stmt" count="0"/>
      <line num="1276" type="stmt" count="0"/>
      <line num="1278" type="stmt" count="0"/>
      <line num="1281" type="stmt" count="0"/>
      <line num="1285" type="stmt" count="0"/>
      <line num="1286" type="stmt" count="0"/>
      <line num="1287" type="stmt" count="0"/>
      <line num="1289" type="stmt" count="0"/>
      <line num="1290" type="stmt" count="0"/>
      <line num="1291" type="stmt" count="0"/>
      <line num="1292" type="stmt" count="0"/>
      <line num="1293" type="stmt" count="0"/>
      <line num="1294" type="stmt" count="0"/>
      <line num="1297" type="stmt" count="0"/>
      <line num="1301" type="stmt" count="0"/>
      <line num="1302" type="stmt" count="0"/>
      <line num="1305" type="stmt" count="0"/>
      <line num="1306" type="stmt" count="0"/>
      <line num="1307" type="stmt" count="0"/>
      <line num="1308" type="stmt" count="0"/>
      <line num="1309" type="stmt" count="0"/>
      <line num="1310" type="stmt" count="0"/>
      <line num="1311" type="stmt" count="0"/>
      <line num="1312" type="stmt" count="0"/>
      <line num="1313" type="stmt" count="0"/>
      <line num="1315" type="stmt" count="0"/>
      <line num="1319" type="stmt" count="0"/>
      <line num="1320" type="stmt" count="0"/>
      <line num="1322" type="stmt" count="0"/>
      <line num="1323" type="stmt" count="0"/>
      <line num="1324" type="stmt" count="0"/>
      <line num="1325" type="stmt" count="0"/>
      <line num="1326" type="stmt" count="0"/>
      <line num="1328" type="stmt" count="0"/>
      <line num="1330" type="stmt" count="0"/>
      <line num="1334" type="stmt" count="0"/>
      <line num="1335" type="stmt" count="0"/>
      <line num="1336" type="stmt" count="0"/>
      <line num="1338" type="stmt" count="0"/>
      <line num="1339" type="stmt" count="0"/>
      <line num="1341" type="stmt" count="0"/>
      <line num="1346" type="stmt" count="0"/>
      <line num="1350" type="stmt" count="0"/>
      <line num="1351" type="stmt" count="0"/>
      <line num="1352" type="stmt" count="0"/>
      <line num="1354" type="stmt" count="0"/>
      <line num="1355" type="stmt" count="0"/>
      <line num="1357" type="stmt" count="0"/>
      <line num="1361" type="stmt" count="0"/>
      <line num="1363" type="stmt" count="0"/>
      <line num="1366" type="stmt" count="0"/>
      <line num="1367" type="stmt" count="0"/>
      <line num="1368" type="stmt" count="0"/>
      <line num="1370" type="stmt" count="0"/>
      <line num="1371" type="stmt" count="0"/>
      <line num="1372" type="stmt" count="0"/>
      <line num="1373" type="stmt" count="0"/>
      <line num="1374" type="stmt" count="0"/>
      <line num="1376" type="stmt" count="0"/>
      <line num="1377" type="stmt" count="0"/>
      <line num="1378" type="stmt" count="0"/>
      <line num="1379" type="stmt" count="0"/>
      <line num="1380" type="stmt" count="0"/>
      <line num="1381" type="stmt" count="0"/>
      <line num="1383" type="stmt" count="0"/>
[...]
      <line num="1951" type="stmt" count="0"/>
      <line num="1952" type="stmt" count="0"/>
      <line num="1955" type="stmt" count="0"/>
      <line num="1956" type="stmt" count="0"/>
      <line num="1957" type="stmt" count="0"/>
      <line num="1958" type="stmt" count="0"/>
      <line num="1959" type="stmt" count="0"/>
      <line num="1960" type="stmt" count="0"/>
      <line num="1963" type="stmt" count="0"/>
      <line num="1965" type="stmt" count="0"/>
      <line num="1966" type="stmt" count="0"/>
      <line num="1967" type="stmt" count="0"/>
      <line num="1968" type="stmt" count="0"/>
      <line num="1971" type="stmt" count="0"/>
      <line num="1972" type="stmt" count="0"/>
      <line num="1973" type="stmt" count="0"/>
      <line num="1974" type="stmt" count="0"/>
      <line num="1977" type="stmt" count="0"/>
      <line num="1978" type="stmt" count="0"/>
      <line num="1979" type="stmt" count="0"/>
      <line num="1980" type="stmt" count="0"/>
      <line num="1981" type="stmt" count="0"/>
      <line num="1982" type="stmt" count="0"/>
      <line num="1984" type="stmt" count="0"/>
      <line num="1985" type="stmt" count="0"/>
      <line num="1988" type="stmt" count="0"/>
      <line num="1989" type="stmt" count="0"/>
      <line num="1990" type="stmt" count="0"/>
      <line num="1994" type="stmt" count="0"/>
      <line num="1995" type="stmt" count="0"/>
      <line num="1996" type="stmt" count="0"/>
      <line num="2000" type="stmt" count="0"/>
      <line num="2002" type="stmt" count="0"/>
      <line num="2003" type="stmt" count="0"/>
      <line num="2004" type="stmt" count="0"/>
      <line num="2006" type="stmt" count="0"/>
      <line num="2007" type="stmt" count="0"/>
      <line num="2008" type="stmt" count="0"/>
      <line num="2010" type="stmt" count="0"/>
      <line num="2013" type="stmt" count="0"/>
      <line num="2017" type="stmt" count="0"/>
      <line num="2018" type="stmt" count="0"/>
      <line num="2019" type="stmt" count="0"/>
      <line num="2020" type="stmt" count="0"/>
      <line num="2021" type="stmt" count="0"/>
      <line num="2023" type="stmt" count="0"/>
      <line num="2027" type="stmt" count="0"/>
      <line num="2031" type="stmt" count="0"/>
      <line num="2032" type="stmt" count="0"/>
      <line num="2033" type="stmt" count="0"/>
      <line num="2035" type="stmt" count="0"/>
      <line num="2036" type="stmt" count="0"/>
      <line num="2037" type="stmt" count="0"/>
      <line num="2040" type="stmt" count="0"/>
      <line num="2041" type="stmt" count="0"/>
      <line num="2042" type="stmt" count="0"/>
      <line num="2043" type="stmt" count="0"/>
      <line num="2044" type="stmt" count="0"/>
      <line num="2045" type="stmt" count="0"/>
      <line num="2046" type="stmt" count="0"/>
      <line num="2047" type="stmt" count="0"/>
      <line num="2048" type="stmt" count="0"/>
      <line num="2049" type="stmt" count="0"/>
      <line num="2057" type="stmt" count="0"/>
      <line num="2058" type="stmt" count="0"/>
      <metrics loc="2059" ncloc="1782" classes="0" methods="0" coveredmethods="0" conditionals="0" coveredconditionals="0" statements="1301" coveredstatements="19" elements="1301" coveredelements="19"/>
    </file>
    <file name="C:\zend\Apache2\htdocs\webedition\webEdition/we/include/we_tag.inc.php">
      <line num="27" type="stmt" count="0"/>
      <line num="30" type="stmt" count="0"/>
      <line num="32" type="stmt" count="0"/>
      <line num="34" type="stmt" count="0"/>
      <line num="35" type="stmt" count="0"/>
      <line num="36" type="stmt" count="0"/>
      <line num="38" type="stmt" count="0"/>
      <line num="39" type="stmt" count="0"/>
      <line num="40" type="stmt" count="0"/>
      <line num="43" type="stmt" count="0"/>
      <line num="44" type="stmt" count="0"/>
      <line num="45" type="stmt" count="0"/>
      <line num="46" type="stmt" count="0"/>
      <line num="49" type="stmt" count="0"/>
      <line num="50" type="stmt" count="0"/>
      <line num="52" type="stmt" count="0"/>
      <line num="61" type="stmt" count="0"/>
      <line num="62" type="stmt" count="0"/>
      <line num="64" type="stmt" count="0"/>
      <line num="69" type="stmt" count="0"/>
      <line num="70" type="stmt" count="0"/>
      <line num="74" type="stmt" count="0"/>
      <line num="75" type="stmt" count="0"/>
      <line num="76" type="stmt" count="0"/>
      <line num="77" type="stmt" count="0"/>
      <line num="78" type="stmt" count="0"/>
      <line num="79" type="stmt" count="0"/>
      <line num="80" type="stmt" count="0"/>
      <line num="83" type="stmt" count="0"/>
      <line num="84" type="stmt" count="0"/>
      <line num="85" type="stmt" count="0"/>
      <line num="89" type="stmt" count="0"/>
      <line num="90" type="stmt" count="0"/>
      <line num="91" type="stmt" count="0"/>
      <line num="92" type="stmt" count="0"/>
      <line num="94" type="stmt" count="0"/>
      <line num="95" type="stmt" count="0"/>
      <line num="96" type="stmt" count="0"/>
      <line num="97" type="stmt" count="0"/>
      <line num="98" type="stmt" count="0"/>
      <line num="100" type="stmt" count="0"/>
      <line num="101" type="stmt" count="0"/>
      <line num="104" type="stmt" count="0"/>
      <line num="105" type="stmt" count="0"/>
      <line num="107" type="stmt" count="0"/>
      <line num="108" type="stmt" count="0"/>
      <line num="110" type="stmt" count="0"/>
      <line num="111" type="stmt" count="0"/>
      <line num="112" type="stmt" count="0"/>
      <line num="113" type="stmt" count="0"/>
      <line num="115" type="stmt" count="0"/>
      <line num="116" type="stmt" count="0"/>
      <line num="122" type="stmt" count="0"/>
      <line num="123" type="stmt" count="0"/>
      <line num="124" type="stmt" count="0"/>
      <line num="126" type="stmt" count="0"/>
      <line num="127" type="stmt" count="0"/>
      <line num="128" type="stmt" count="0"/>
      <line num="129" type="stmt" count="0"/>
      <line num="130" type="stmt" count="0"/>
      <line num="131" type="stmt" count="0"/>
      <line num="132" type="stmt" count="0"/>
      <line num="133" type="stmt" count="0"/>
      <line num="134" type="stmt" count="0"/>
      <line num="135" type="stmt" count="0"/>
      <line num="136" type="stmt" count="0"/>
      <line num="137" type="stmt" count="0"/>
      <line num="138" type="stmt" count="0"/>
      <line num="139" type="stmt" count="0"/>
      <line num="140" type="stmt" count="0"/>
      <line num="141" type="stmt" count="0"/>
      <line num="142" type="stmt" count="0"/>
      <line num="143" type="stmt" count="0"/>
      <line num="144" type="stmt" count="0"/>
      <line num="145" type="stmt" count="0"/>
      <line num="146" type="stmt" count="0"/>
      <line num="147" type="stmt" count="0"/>
      <line num="148" type="stmt" count="0"/>
      <line num="149" type="stmt" count="0"/>
      <line num="150" type="stmt" count="0"/>
      <line num="151" type="stmt" count="0"/>
      <line num="152" type="stmt" count="0"/>
      <line num="153" type="stmt" count="0"/>
      <line num="154" type="stmt" count="0"/>
      <line num="156" type="stmt" count="0"/>
      <line num="157" type="stmt" count="0"/>
      <line num="158" type="stmt" count="0"/>
      <line num="159" type="stmt" count="0"/>
      <line num="164" type="stmt" count="0"/>
      <line num="168" type="stmt" count="0"/>
      <line num="169" type="stmt" count="0"/>
      <line num="170" type="stmt" count="0"/>
      <line num="171" type="stmt" count="0"/>
      <line num="172" type="stmt" count="0"/>
      <line num="174" type="stmt" count="0"/>
      <line num="175" type="stmt" count="0"/>
      <line num="186" type="stmt" count="0"/>
      <line num="199" type="stmt" count="1"/>
      <line num="200" type="stmt" count="1"/>
      <line num="201" type="stmt" count="1"/>
      <line num="202" type="stmt" count="0"/>
      <line num="203" type="stmt" count="0"/>
      <line num="204" type="stmt" count="1"/>
      <line num="205" type="stmt" count="1"/>
      <line num="206" type="stmt" count="1"/>
      <line num="207" type="stmt" count="1"/>
      <line num="208" type="stmt" count="1"/>
      <line num="209" type="stmt" count="1"/>
      <line num="211" type="stmt" count="1"/>
      <line num="213" type="stmt" count="1"/>
      <line num="221" type="stmt" count="0"/>
      <line num="222" type="stmt" count="0"/>
      <line num="230" type="stmt" count="0"/>
      <line num="231" type="stmt" count="0"/>
      <line num="235" type="stmt" count="0"/>
      <line num="237" type="stmt" count="0"/>
      <line num="238" type="stmt" count="0"/>
      <line num="239" type="stmt" count="0"/>
      <line num="241" type="stmt" count="0"/>
      <line num="242" type="stmt" count="0"/>
      <line num="243" type="stmt" count="0"/>
      <line num="244" type="stmt" count="0"/>
      <line num="245" type="stmt" count="0"/>
      <line num="249" type="stmt" count="0"/>
      <line num="250" type="stmt" count="0"/>
      <line num="251" type="stmt" count="0"/>
      <line num="253" type="stmt" count="0"/>
      <line num="254" type="stmt" count="0"/>
      <line num="258" type="stmt" count="0"/>
      <line num="259" type="stmt" count="0"/>
      <line num="260" type="stmt" count="0"/>
      <line num="264" type="stmt" count="0"/>
      <line num="266" type="stmt" count="0"/>
      <line num="267" type="stmt" count="0"/>
      <line num="268" type="stmt" count="0"/>
      <line num="269" type="stmt" count="0"/>
      <line num="270" type="stmt" count="0"/>
      <line num="272" type="stmt" count="0"/>
      <line num="276" type="stmt" count="0"/>
      <line num="277" type="stmt" count="0"/>
      <line num="280" type="stmt" count="0"/>
      <line num="281" type="stmt" count="0"/>
      <line num="284" type="stmt" count="0"/>
      <line num="285" type="stmt" count="0"/>
      <line num="287" type="stmt" count="0"/>
      <line num="289" type="stmt" count="0"/>
      <line num="290" type="stmt" count="0"/>
      <line num="292" type="stmt" count="0"/>
      <line num="293" type="stmt" count="0"/>
      <line num="294" type="stmt" count="0"/>
      <line num="295" type="stmt" count="0"/>
      <line num="296" type="stmt" count="0"/>
      <line num="298" type="stmt" count="0"/>
      <line num="299" type="stmt" count="0"/>
      <line num="300" type="stmt" count="0"/>
      <line num="301" type="stmt" count="0"/>
      <line num="302" type="stmt" count="0"/>
      <line num="303" type="stmt" count="0"/>
      <line num="304" type="stmt" count="0"/>
      <line num="305" type="stmt" count="0"/>
      <line num="306" type="stmt" count="0"/>
      <line num="308" type="stmt" count="0"/>
      <line num="309" type="stmt" count="0"/>
      <line num="312" type="stmt" count="0"/>
      <line num="313" type="stmt" count="0"/>
      <line num="314" type="stmt" count="0"/>
      <line num="316" type="stmt" count="0"/>
      <line num="317" type="stmt" count="0"/>
      <line num="318" type="stmt" count="0"/>
      <line num="319" type="stmt" count="0"/>
      <line num="320" type="stmt" count="0"/>
      <line num="323" type="stmt" count="0"/>
      <line num="324" type="stmt" count="0"/>
      <line num="325" type="stmt" count="0"/>
      <line num="327" type="stmt" count="0"/>
      <line num="331" type="stmt" count="0"/>
      <line num="333" type="stmt" count="0"/>
      <line num="334" type="stmt" count="0"/>
      <line num="335" type="stmt" count="0"/>
      <line num="336" type="stmt" count="0"/>
      <line num="337" type="stmt" count="0"/>
      <line num="340" type="stmt" count="0"/>
      <line num="341" type="stmt" count="0"/>
      <line num="342" type="stmt" count="0"/>
      <line num="343" type="stmt" count="0"/>
      <line num="344" type="stmt" count="0"/>
      <line num="349" type="stmt" count="0"/>
      <line num="350" type="stmt" count="0"/>
      <line num="354" type="stmt" count="0"/>
      <line num="355" type="stmt" count="0"/>
      <line num="359" type="stmt" count="0"/>
      <line num="360" type="stmt" count="0"/>
      <line num="361" type="stmt" count="0"/>
      <line num="362" type="stmt" count="0"/>
      <line num="363" type="stmt" count="0"/>
      <line num="364" type="stmt" count="0"/>
      <line num="365" type="stmt" count="0"/>
      <line num="367" type="stmt" count="0"/>
      <line num="372" type="stmt" count="0"/>
      <line num="373" type="stmt" count="0"/>
      <line num="374" type="stmt" count="0"/>
      <line num="375" type="stmt" count="0"/>
      <line num="376" type="stmt" count="0"/>
      <line num="377" type="stmt" count="0"/>
      <line num="378" type="stmt" count="0"/>
      <line num="382" type="stmt" count="0"/>
      <line num="383" type="stmt" count="0"/>
      <line num="384" type="stmt" count="0"/>
      <line num="386" type="stmt" count="0"/>
      <line num="390" type="stmt" count="0"/>
      <line num="391" type="stmt" count="0"/>
      <line num="392" type="stmt" count="0"/>
      <line num="394" type="stmt" count="0"/>
      <line num="398" type="stmt" count="0"/>
      <line num="399" type="stmt" count="0"/>
      <line num="400" type="stmt" count="0"/>
      <line num="402" type="stmt" count="0"/>
      <line num="406" type="stmt" count="0"/>
      <line num="416" type="stmt" count="0"/>
      <line num="417" type="stmt" count="0"/>
      <line num="418" type="stmt" count="0"/>
      <line num="419" type="stmt" count="0"/>
      <line num="420" type="stmt" count="0"/>
      <line num="421" type="stmt" count="0"/>
      <line num="422" type="stmt" count="0"/>
      <line num="423" type="stmt" count="0"/>
      <line num="426" type="stmt" count="0"/>
      <line num="427" type="stmt" count="0"/>
      <line num="428" type="stmt" count="0"/>
      <line num="429" type="stmt" count="0"/>
      <line num="430" type="stmt" count="0"/>
      <line num="431" type="stmt" count="0"/>
      <line num="433" type="stmt" count="0"/>
      <line num="438" type="stmt" count="0"/>
      <line num="439" type="stmt" count="0"/>
      <line num="440" type="stmt" count="0"/>
      <line num="441" type="stmt" count="0"/>
      <line num="442" type="stmt" count="0"/>
      <line num="443" type="stmt" count="0"/>
      <line num="444" type="stmt" count="0"/>
      <line num="445" type="stmt" count="0"/>
      <line num="446" type="stmt" count="0"/>
      <line num="447" type="stmt" count="0"/>
      <line num="449" type="stmt" count="0"/>
      <line num="450" type="stmt" count="0"/>
      <line num="451" type="stmt" count="0"/>
      <line num="452" type="stmt" count="0"/>
      <line num="453" type="stmt" count="0"/>
      <line num="454" type="stmt" count="0"/>
      <line num="455" type="stmt" count="0"/>
      <line num="463" type="stmt" count="0"/>
      <line num="467" type="stmt" count="0"/>
      <line num="471" type="stmt" count="0"/>
      <line num="475" type="stmt" count="0"/>
      <line num="479" type="stmt" count="0"/>
      <line num="483" type="stmt" count="0"/>
      <line num="487" type="stmt" count="0"/>
      <line num="491" type="stmt" count="0"/>
      <line num="495" type="stmt" count="0"/>
      <line num="499" type="stmt" count="0"/>
      <line num="503" type="stmt" count="0"/>
      <line num="507" type="stmt" count="0"/>
      <line num="511" type="stmt" count="0"/>
      <line num="515" type="stmt" count="0"/>
      <line num="516" type="stmt" count="0"/>
      <line num="520" type="stmt" count="0"/>
      <line num="524" type="stmt" count="0"/>
      <line num="528" type="stmt" count="0"/>
      <line num="532" type="stmt" count="0"/>
      <line num="536" type="stmt" count="0"/>
      <line num="540" type="stmt" count="0"/>
      <line num="544" type="stmt" count="0"/>
      <line num="548" type="stmt" count="0"/>
      <line num="549" type="stmt" count="0"/>
      <line num="553" type="stmt" count="0"/>
      <line num="557" type="stmt" count="0"/>
      <line num="561" type="stmt" count="0"/>
      <line num="565" type="stmt" count="0"/>
      <line num="569" type="stmt" count="0"/>
      <line num="573" type="stmt" count="0"/>
      <line num="577" type="stmt" count="0"/>
      <line num="581" type="stmt" count="0"/>
      <line num="585" type="stmt" count="0"/>
      <line num="589" type="stmt" count="0"/>
      <line num="593" type="stmt" count="0"/>
      <line num="597" type="stmt" count="0"/>
      <line num="601" type="stmt" count="0"/>
      <line num="605" type="stmt" count="0"/>
      <line num="609" type="stmt" count="0"/>
      <line num="613" type="stmt" count="0"/>
      <line num="617" type="stmt" count="0"/>
      <line num="621" type="stmt" count="0"/>
      <line num="625" type="stmt" count="0"/>
      <line num="626" type="stmt" count="0"/>
      <line num="630" type="stmt" count="0"/>
      <line num="631" type="stmt" count="0"/>
      <line num="635" type="stmt" count="0"/>
      <line num="639" type="stmt" count="0"/>
      <line num="643" type="stmt" count="0"/>
      <line num="647" type="stmt" count="0"/>
      <line num="651" type="stmt" count="0"/>
      <line num="655" type="stmt" count="0"/>
      <line num="659" type="stmt" count="0"/>
      <line num="663" type="stmt" count="0"/>
      <line num="667" type="stmt" count="0"/>
      <line num="671" type="stmt" count="0"/>
      <line num="672" type="stmt" count="0"/>
      <line num="676" type="stmt" count="0"/>
      <line num="680" type="stmt" count="0"/>
      <line num="681" type="stmt" count="0"/>
      <line num="682" type="stmt" count="0"/>
      <line num="683" type="stmt" count="0"/>
      <line num="687" type="stmt" count="0"/>
      <line num="691" type="stmt" count="0"/>
      <line num="695" type="stmt" count="0"/>
      <line num="699" type="stmt" count="0"/>
      <line num="700" type="stmt" count="0"/>
      <line num="704" type="stmt" count="0"/>
      <line num="708" type="stmt" count="0"/>
      <line num="712" type="stmt" count="0"/>
      <line num="713" type="stmt" count="0"/>
      <line num="717" type="stmt" count="0"/>
      <line num="721" type="stmt" count="0"/>
      <line num="725" type="stmt" count="0"/>
      <line num="729" type="stmt" count="0"/>
      <line num="733" type="stmt" count="0"/>
      <line num="737" type="stmt" count="0"/>
      <line num="742" type="stmt" count="0"/>
      <line num="743" type="stmt" count="0"/>
      <line num="744" type="stmt" count="0"/>
      <line num="745" type="stmt" count="0"/>
      <line num="746" type="stmt" count="0"/>
      <line num="747" type="stmt" count="0"/>
      <line num="748" type="stmt" count="0"/>
      <line num="750" type="stmt" count="0"/>
      <line num="751" type="stmt" count="0"/>
      <metrics loc="751" ncloc="645" classes="0" methods="0" coveredmethods="0" conditionals="0" coveredconditionals="0" statements="336" coveredstatements="11" elements="336" coveredelements="11"/>
    </file>
    <file name="C:\zend\Apache2\htdocs\webedition\webEdition/we/include/we_tags/we_tag_title.inc.php">
      <line num="26" type="stmt" count="0"/>
      <line num="30" type="stmt" count="1"/>
      <line num="31" type="stmt" count="1"/>
      <line num="32" type="stmt" count="1"/>
      <line num="33" type="stmt" count="1"/>
      <line num="35" type="stmt" count="1"/>
      <line num="37" type="stmt" count="0"/>
      <line num="39" type="stmt" count="1"/>
      <line num="40" type="stmt" count="1"/>
      <line num="41" type="stmt" count="1"/>
      <metrics loc="43" ncloc="19" classes="0" methods="0" coveredmethods="0" conditionals="0" coveredconditionals="0" statements="10" coveredstatements="8" elements="10" coveredelements="8"/>
    </file>
    <metrics files="9" loc="5083" ncloc="4035" classes="3" methods="37" coveredmethods="0" conditionals="0" coveredconditionals="0" statements="2311" coveredstatements="129" elements="2348" coveredelements="129"/>
  </project>
</coverage>
